24-Nov-2024 11:15:16.925 INFO [main] org.apache.catalina.startup.VersionLoggerListener.log Server version name:   Apache Tomcat/9.0.95
24-Nov-2024 11:15:16.926 INFO [main] org.apache.catalina.startup.VersionLoggerListener.log Server built:          Sep 13 2024 18:07:47 UTC
24-Nov-2024 11:15:16.926 INFO [main] org.apache.catalina.startup.VersionLoggerListener.log Server version number: 9.0.95.0
24-Nov-2024 11:15:16.926 INFO [main] org.apache.catalina.startup.VersionLoggerListener.log OS Name:               Linux
24-Nov-2024 11:15:16.926 INFO [main] org.apache.catalina.startup.VersionLoggerListener.log OS Version:            6.8.0-49-generic
24-Nov-2024 11:15:16.926 INFO [main] org.apache.catalina.startup.VersionLoggerListener.log Architecture:          amd64
24-Nov-2024 11:15:16.926 INFO [main] org.apache.catalina.startup.VersionLoggerListener.log Java Home:             /usr/lib/jvm/jdk1.8.0_281/jre
24-Nov-2024 11:15:16.926 INFO [main] org.apache.catalina.startup.VersionLoggerListener.log JVM Version:           1.8.0_281-b09
24-Nov-2024 11:15:16.926 INFO [main] org.apache.catalina.startup.VersionLoggerListener.log JVM Vendor:            Oracle Corporation
24-Nov-2024 11:15:16.926 INFO [main] org.apache.catalina.startup.VersionLoggerListener.log CATALINA_BASE:         /home/adrian/Documents/apache-tomcat-9.0.95
24-Nov-2024 11:15:16.926 INFO [main] org.apache.catalina.startup.VersionLoggerListener.log CATALINA_HOME:         /home/adrian/Documents/apache-tomcat-9.0.95
24-Nov-2024 11:15:16.927 INFO [main] org.apache.catalina.startup.VersionLoggerListener.log Command line argument: -Djava.util.logging.config.file=/home/adrian/Documents/apache-tomcat-9.0.95/conf/logging.properties
24-Nov-2024 11:15:16.927 INFO [main] org.apache.catalina.startup.VersionLoggerListener.log Command line argument: -Djava.util.logging.manager=org.apache.juli.ClassLoaderLogManager
24-Nov-2024 11:15:16.927 INFO [main] org.apache.catalina.startup.VersionLoggerListener.log Command line argument: -Dhttp.nonProxyHosts=localhost|127.0.0.1|adrian-System-Product-Name
24-Nov-2024 11:15:16.927 INFO [main] org.apache.catalina.startup.VersionLoggerListener.log Command line argument: -Djdk.tls.ephemeralDHKeySize=2048
24-Nov-2024 11:15:16.927 INFO [main] org.apache.catalina.startup.VersionLoggerListener.log Command line argument: -Djava.protocol.handler.pkgs=org.apache.catalina.webresources
24-Nov-2024 11:15:16.927 INFO [main] org.apache.catalina.startup.VersionLoggerListener.log Command line argument: -Dorg.apache.catalina.security.SecurityListener.UMASK=0027
24-Nov-2024 11:15:16.927 INFO [main] org.apache.catalina.startup.VersionLoggerListener.log Command line argument: -Dignore.endorsed.dirs=
24-Nov-2024 11:15:16.927 INFO [main] org.apache.catalina.startup.VersionLoggerListener.log Command line argument: -Dcatalina.base=/home/adrian/Documents/apache-tomcat-9.0.95
24-Nov-2024 11:15:16.927 INFO [main] org.apache.catalina.startup.VersionLoggerListener.log Command line argument: -Dcatalina.home=/home/adrian/Documents/apache-tomcat-9.0.95
24-Nov-2024 11:15:16.927 INFO [main] org.apache.catalina.startup.VersionLoggerListener.log Command line argument: -Djava.io.tmpdir=/home/adrian/Documents/apache-tomcat-9.0.95/temp
24-Nov-2024 11:15:16.928 INFO [main] org.apache.catalina.core.AprLifecycleListener.lifecycleEvent The Apache Tomcat Native library which allows using OpenSSL was not found on the java.library.path: [/usr/java/packages/lib/amd64:/usr/lib64:/lib64:/lib:/usr/lib]
24-Nov-2024 11:15:17.087 INFO [main] org.apache.coyote.AbstractProtocol.init Initializing ProtocolHandler ["http-nio-8080"]
24-Nov-2024 11:15:17.098 INFO [main] org.apache.catalina.startup.Catalina.load Server initialization in [261] milliseconds
24-Nov-2024 11:15:17.113 INFO [main] org.apache.catalina.core.StandardService.startInternal Starting service [Catalina]
24-Nov-2024 11:15:17.113 INFO [main] org.apache.catalina.core.StandardEngine.startInternal Starting Servlet engine: [Apache Tomcat/9.0.95]
24-Nov-2024 11:15:17.117 INFO [main] org.apache.catalina.startup.HostConfig.deployDescriptor Deploying deployment descriptor [/home/adrian/Documents/apache-tomcat-9.0.95/conf/Catalina/localhost/ROOT.xml]
24-Nov-2024 11:15:17.125 WARNING [main] org.apache.catalina.startup.HostConfig.deployDescriptor The path attribute with value [] in deployment descriptor [/home/adrian/Documents/apache-tomcat-9.0.95/conf/Catalina/localhost/ROOT.xml] has been ignored
24-Nov-2024 11:15:17.411 INFO [main] org.apache.jasper.servlet.TldScanner.scanJars At least one JAR was scanned for TLDs yet contained no TLDs. Enable debug logging for this logger for a complete list of JARs that were scanned but no TLDs were found in them. Skipping unneeded JARs during scanning can improve startup time and JSP compilation time.
24-Nov-2024 11:15:17.430 INFO [main] org.apache.catalina.startup.HostConfig.deployDescriptor Deployment of deployment descriptor [/home/adrian/Documents/apache-tomcat-9.0.95/conf/Catalina/localhost/ROOT.xml] has finished in [312] ms
24-Nov-2024 11:15:17.430 INFO [main] org.apache.catalina.startup.HostConfig.deployDirectory Deploying web application directory [/home/adrian/Documents/apache-tomcat-9.0.95/webapps/host-manager]
24-Nov-2024 11:15:17.441 INFO [main] org.apache.catalina.startup.HostConfig.deployDirectory Deployment of web application directory [/home/adrian/Documents/apache-tomcat-9.0.95/webapps/host-manager] has finished in [11] ms
24-Nov-2024 11:15:17.441 INFO [main] org.apache.catalina.startup.HostConfig.deployDirectory Deploying web application directory [/home/adrian/Documents/apache-tomcat-9.0.95/webapps/manager]
24-Nov-2024 11:15:17.448 INFO [main] org.apache.catalina.startup.HostConfig.deployDirectory Deployment of web application directory [/home/adrian/Documents/apache-tomcat-9.0.95/webapps/manager] has finished in [7] ms
24-Nov-2024 11:15:17.449 INFO [main] org.apache.catalina.startup.HostConfig.deployDirectory Deploying web application directory [/home/adrian/Documents/apache-tomcat-9.0.95/webapps/docs]
24-Nov-2024 11:15:17.454 INFO [main] org.apache.catalina.startup.HostConfig.deployDirectory Deployment of web application directory [/home/adrian/Documents/apache-tomcat-9.0.95/webapps/docs] has finished in [5] ms
24-Nov-2024 11:15:17.454 INFO [main] org.apache.catalina.startup.HostConfig.deployDirectory Deploying web application directory [/home/adrian/Documents/apache-tomcat-9.0.95/webapps/examples]
24-Nov-2024 11:15:17.521 INFO [main] org.apache.catalina.startup.HostConfig.deployDirectory Deployment of web application directory [/home/adrian/Documents/apache-tomcat-9.0.95/webapps/examples] has finished in [67] ms
24-Nov-2024 11:15:17.522 INFO [main] org.apache.coyote.AbstractProtocol.start Starting ProtocolHandler ["http-nio-8080"]
24-Nov-2024 11:15:17.527 INFO [main] org.apache.catalina.startup.Catalina.start Server startup in [429] milliseconds
24-Nov-2024 11:15:17.972 INFO [http-nio-8080-exec-1] db.DataSource.testConnection Conectat cu succes la baza de date!
24-Nov-2024 11:15:17.977 INFO [http-nio-8080-exec-1] db.DataSource.testConnection Conectat cu succes la baza de date!
24-Nov-2024 11:15:19.274 INFO [http-nio-8080-exec-7] db.DataSource.testConnection Conectat cu succes la baza de date!
24-Nov-2024 11:15:19.296 INFO [http-nio-8080-exec-10] db.DataSource.testConnection Conectat cu succes la baza de date!
24-Nov-2024 11:15:19.309 INFO [http-nio-8080-exec-8] org.apache.catalina.core.StandardWrapper.unload Waiting for [1] instance(s) to be deallocated for Servlet [homeserv]
24-Nov-2024 11:15:19.413 WARNING [http-nio-8080-exec-8] org.apache.catalina.loader.WebappClassLoaderBase.clearReferencesJdbc The web application [ROOT] registered the JDBC driver [com.mysql.cj.jdbc.Driver] but failed to unregister it when the web application was stopped. To prevent a memory leak, the JDBC Driver has been forcibly unregistered.
24-Nov-2024 11:15:19.413 WARNING [http-nio-8080-exec-8] org.apache.catalina.loader.WebappClassLoaderBase.clearReferencesJdbc The web application [ROOT] registered the JDBC driver [com.mysql.jdbc.Driver] but failed to unregister it when the web application was stopped. To prevent a memory leak, the JDBC Driver has been forcibly unregistered.
24-Nov-2024 11:15:19.414 WARNING [http-nio-8080-exec-8] org.apache.catalina.loader.WebappClassLoaderBase.clearReferencesThreads The web application [ROOT] appears to have started a thread named [mysql-cj-abandoned-connection-cleanup] but has failed to stop it. This is very likely to create a memory leak. Stack trace of thread:
 java.lang.Object.wait(Native Method)
 java.lang.ref.ReferenceQueue.remove(ReferenceQueue.java:144)
 com.mysql.cj.jdbc.AbandonedConnectionCleanupThread.run(AbandonedConnectionCleanupThread.java:91)
 java.util.concurrent.ThreadPoolExecutor.runWorker(ThreadPoolExecutor.java:1149)
 java.util.concurrent.ThreadPoolExecutor$Worker.run(ThreadPoolExecutor.java:624)
 java.lang.Thread.run(Thread.java:748)
24-Nov-2024 11:15:19.916 INFO [http-nio-8080-exec-8] org.apache.catalina.startup.HostConfig.undeploy Undeploying context []
24-Nov-2024 11:15:19.939 INFO [http-nio-8080-exec-2] org.apache.catalina.startup.HostConfig.deployDescriptor Deploying deployment descriptor [/home/adrian/Documents/apache-tomcat-9.0.95/conf/Catalina/localhost/ROOT.xml]
24-Nov-2024 11:15:19.940 WARNING [http-nio-8080-exec-2] org.apache.catalina.startup.HostConfig.deployDescriptor The path attribute with value [] in deployment descriptor [/home/adrian/Documents/apache-tomcat-9.0.95/conf/Catalina/localhost/ROOT.xml] has been ignored
24-Nov-2024 11:15:19.966 INFO [mysql-cj-abandoned-connection-cleanup] org.apache.catalina.loader.WebappClassLoaderBase.checkStateForResourceLoading Illegal access: this web application instance has been stopped already. Could not load []. The following stack trace is thrown for debugging purposes as well as to attempt to terminate the thread which caused the illegal access.
	java.lang.IllegalStateException: Illegal access: this web application instance has been stopped already. Could not load []. The following stack trace is thrown for debugging purposes as well as to attempt to terminate the thread which caused the illegal access.
		at org.apache.catalina.loader.WebappClassLoaderBase.checkStateForResourceLoading(WebappClassLoaderBase.java:1328)
		at org.apache.catalina.loader.WebappClassLoaderBase.getResource(WebappClassLoaderBase.java:960)
		at com.mysql.cj.jdbc.AbandonedConnectionCleanupThread.checkThreadContextClassLoader(AbandonedConnectionCleanupThread.java:123)
		at com.mysql.cj.jdbc.AbandonedConnectionCleanupThread.run(AbandonedConnectionCleanupThread.java:90)
		at java.util.concurrent.ThreadPoolExecutor.runWorker(ThreadPoolExecutor.java:1149)
		at java.util.concurrent.ThreadPoolExecutor$Worker.run(ThreadPoolExecutor.java:624)
		at java.lang.Thread.run(Thread.java:748)
24-Nov-2024 11:15:19.967 INFO [mysql-cj-abandoned-connection-cleanup] org.apache.catalina.loader.WebappClassLoaderBase.checkStateForResourceLoading Illegal access: this web application instance has been stopped already. Could not load []. The following stack trace is thrown for debugging purposes as well as to attempt to terminate the thread which caused the illegal access.
	java.lang.IllegalStateException: Illegal access: this web application instance has been stopped already. Could not load []. The following stack trace is thrown for debugging purposes as well as to attempt to terminate the thread which caused the illegal access.
		at org.apache.catalina.loader.WebappClassLoaderBase.checkStateForResourceLoading(WebappClassLoaderBase.java:1328)
		at org.apache.catalina.loader.WebappClassLoaderBase.getResource(WebappClassLoaderBase.java:960)
		at com.mysql.cj.jdbc.AbandonedConnectionCleanupThread.checkThreadContextClassLoader(AbandonedConnectionCleanupThread.java:123)
		at com.mysql.cj.jdbc.AbandonedConnectionCleanupThread.run(AbandonedConnectionCleanupThread.java:90)
		at java.util.concurrent.ThreadPoolExecutor.runWorker(ThreadPoolExecutor.java:1149)
		at java.util.concurrent.ThreadPoolExecutor$Worker.run(ThreadPoolExecutor.java:624)
		at java.lang.Thread.run(Thread.java:748)
24-Nov-2024 11:15:19.967 INFO [mysql-cj-abandoned-connection-cleanup] org.apache.catalina.loader.WebappClassLoaderBase.checkStateForResourceLoading Illegal access: this web application instance has been stopped already. Could not load []. The following stack trace is thrown for debugging purposes as well as to attempt to terminate the thread which caused the illegal access.
	java.lang.IllegalStateException: Illegal access: this web application instance has been stopped already. Could not load []. The following stack trace is thrown for debugging purposes as well as to attempt to terminate the thread which caused the illegal access.
		at org.apache.catalina.loader.WebappClassLoaderBase.checkStateForResourceLoading(WebappClassLoaderBase.java:1328)
		at org.apache.catalina.loader.WebappClassLoaderBase.getResource(WebappClassLoaderBase.java:960)
		at com.mysql.cj.jdbc.AbandonedConnectionCleanupThread.checkThreadContextClassLoader(AbandonedConnectionCleanupThread.java:123)
		at com.mysql.cj.jdbc.AbandonedConnectionCleanupThread.run(AbandonedConnectionCleanupThread.java:90)
		at java.util.concurrent.ThreadPoolExecutor.runWorker(ThreadPoolExecutor.java:1149)
		at java.util.concurrent.ThreadPoolExecutor$Worker.run(ThreadPoolExecutor.java:624)
		at java.lang.Thread.run(Thread.java:748)
24-Nov-2024 11:15:19.967 INFO [mysql-cj-abandoned-connection-cleanup] org.apache.catalina.loader.WebappClassLoaderBase.checkStateForResourceLoading Illegal access: this web application instance has been stopped already. Could not load []. The following stack trace is thrown for debugging purposes as well as to attempt to terminate the thread which caused the illegal access.
	java.lang.IllegalStateException: Illegal access: this web application instance has been stopped already. Could not load []. The following stack trace is thrown for debugging purposes as well as to attempt to terminate the thread which caused the illegal access.
		at org.apache.catalina.loader.WebappClassLoaderBase.checkStateForResourceLoading(WebappClassLoaderBase.java:1328)
		at org.apache.catalina.loader.WebappClassLoaderBase.getResource(WebappClassLoaderBase.java:960)
		at com.mysql.cj.jdbc.AbandonedConnectionCleanupThread.checkThreadContextClassLoader(AbandonedConnectionCleanupThread.java:123)
		at com.mysql.cj.jdbc.AbandonedConnectionCleanupThread.run(AbandonedConnectionCleanupThread.java:90)
		at java.util.concurrent.ThreadPoolExecutor.runWorker(ThreadPoolExecutor.java:1149)
		at java.util.concurrent.ThreadPoolExecutor$Worker.run(ThreadPoolExecutor.java:624)
		at java.lang.Thread.run(Thread.java:748)
24-Nov-2024 11:15:19.967 INFO [mysql-cj-abandoned-connection-cleanup] org.apache.catalina.loader.WebappClassLoaderBase.checkStateForResourceLoading Illegal access: this web application instance has been stopped already. Could not load []. The following stack trace is thrown for debugging purposes as well as to attempt to terminate the thread which caused the illegal access.
	java.lang.IllegalStateException: Illegal access: this web application instance has been stopped already. Could not load []. The following stack trace is thrown for debugging purposes as well as to attempt to terminate the thread which caused the illegal access.
		at org.apache.catalina.loader.WebappClassLoaderBase.checkStateForResourceLoading(WebappClassLoaderBase.java:1328)
		at org.apache.catalina.loader.WebappClassLoaderBase.getResource(WebappClassLoaderBase.java:960)
		at com.mysql.cj.jdbc.AbandonedConnectionCleanupThread.checkThreadContextClassLoader(AbandonedConnectionCleanupThread.java:123)
		at com.mysql.cj.jdbc.AbandonedConnectionCleanupThread.run(AbandonedConnectionCleanupThread.java:90)
		at java.util.concurrent.ThreadPoolExecutor.runWorker(ThreadPoolExecutor.java:1149)
		at java.util.concurrent.ThreadPoolExecutor$Worker.run(ThreadPoolExecutor.java:624)
		at java.lang.Thread.run(Thread.java:748)
24-Nov-2024 11:15:20.089 INFO [http-nio-8080-exec-2] org.apache.jasper.servlet.TldScanner.scanJars At least one JAR was scanned for TLDs yet contained no TLDs. Enable debug logging for this logger for a complete list of JARs that were scanned but no TLDs were found in them. Skipping unneeded JARs during scanning can improve startup time and JSP compilation time.
24-Nov-2024 11:15:20.093 INFO [http-nio-8080-exec-2] org.apache.catalina.startup.HostConfig.deployDescriptor Deployment of deployment descriptor [/home/adrian/Documents/apache-tomcat-9.0.95/conf/Catalina/localhost/ROOT.xml] has finished in [154] ms
24-Nov-2024 11:15:20.096 INFO [http-nio-8080-exec-4] org.apache.catalina.util.LifecycleBase.start The start() method was called on component [StandardEngine[Catalina].StandardHost[localhost].StandardContext[]] after start() had already been called. The second call will be ignored.
24-Nov-2024 11:15:20.916 INFO [http-nio-8080-exec-7] db.DataSource.testConnection Conectat cu succes la baza de date!
24-Nov-2024 11:15:20.918 INFO [http-nio-8080-exec-7] db.DataSource.testConnection Conectat cu succes la baza de date!
24-Nov-2024 11:15:21.475 INFO [http-nio-8080-exec-3] db.DataSource.testConnection Conectat cu succes la baza de date!
24-Nov-2024 11:15:49.448 INFO [http-nio-8080-exec-11] db.DataSource.testConnection Conectat cu succes la baza de date!
24-Nov-2024 11:15:49.465 INFO [http-nio-8080-exec-10] db.DataSource.testConnection Conectat cu succes la baza de date!
24-Nov-2024 11:15:49.483 INFO [http-nio-8080-exec-13] db.DataSource.testConnection Conectat cu succes la baza de date!
24-Nov-2024 11:15:49.488 INFO [http-nio-8080-exec-4] org.apache.catalina.core.StandardWrapper.unload Waiting for [1] instance(s) to be deallocated for Servlet [homeserv]
24-Nov-2024 11:15:49.591 WARNING [http-nio-8080-exec-4] org.apache.catalina.loader.WebappClassLoaderBase.clearReferencesJdbc The web application [ROOT] registered the JDBC driver [com.mysql.cj.jdbc.Driver] but failed to unregister it when the web application was stopped. To prevent a memory leak, the JDBC Driver has been forcibly unregistered.
24-Nov-2024 11:15:49.591 WARNING [http-nio-8080-exec-4] org.apache.catalina.loader.WebappClassLoaderBase.clearReferencesJdbc The web application [ROOT] registered the JDBC driver [com.mysql.jdbc.Driver] but failed to unregister it when the web application was stopped. To prevent a memory leak, the JDBC Driver has been forcibly unregistered.
24-Nov-2024 11:15:49.592 WARNING [http-nio-8080-exec-4] org.apache.catalina.loader.WebappClassLoaderBase.clearReferencesThreads The web application [ROOT] appears to have started a thread named [mysql-cj-abandoned-connection-cleanup] but has failed to stop it. This is very likely to create a memory leak. Stack trace of thread:
 java.lang.Object.wait(Native Method)
 java.lang.ref.ReferenceQueue.remove(ReferenceQueue.java:144)
 com.mysql.cj.jdbc.AbandonedConnectionCleanupThread.run(AbandonedConnectionCleanupThread.java:91)
 java.util.concurrent.ThreadPoolExecutor.runWorker(ThreadPoolExecutor.java:1149)
 java.util.concurrent.ThreadPoolExecutor$Worker.run(ThreadPoolExecutor.java:624)
 java.lang.Thread.run(Thread.java:748)
24-Nov-2024 11:15:50.094 INFO [http-nio-8080-exec-4] org.apache.catalina.startup.HostConfig.undeploy Undeploying context []
24-Nov-2024 11:15:50.100 INFO [http-nio-8080-exec-3] org.apache.catalina.startup.HostConfig.deployDescriptor Deploying deployment descriptor [/home/adrian/Documents/apache-tomcat-9.0.95/conf/Catalina/localhost/ROOT.xml]
24-Nov-2024 11:15:50.100 WARNING [http-nio-8080-exec-3] org.apache.catalina.startup.HostConfig.deployDescriptor The path attribute with value [] in deployment descriptor [/home/adrian/Documents/apache-tomcat-9.0.95/conf/Catalina/localhost/ROOT.xml] has been ignored
24-Nov-2024 11:15:50.148 INFO [mysql-cj-abandoned-connection-cleanup] org.apache.catalina.loader.WebappClassLoaderBase.checkStateForResourceLoading Illegal access: this web application instance has been stopped already. Could not load []. The following stack trace is thrown for debugging purposes as well as to attempt to terminate the thread which caused the illegal access.
	java.lang.IllegalStateException: Illegal access: this web application instance has been stopped already. Could not load []. The following stack trace is thrown for debugging purposes as well as to attempt to terminate the thread which caused the illegal access.
		at org.apache.catalina.loader.WebappClassLoaderBase.checkStateForResourceLoading(WebappClassLoaderBase.java:1328)
		at org.apache.catalina.loader.WebappClassLoaderBase.getResource(WebappClassLoaderBase.java:960)
		at com.mysql.cj.jdbc.AbandonedConnectionCleanupThread.checkThreadContextClassLoader(AbandonedConnectionCleanupThread.java:123)
		at com.mysql.cj.jdbc.AbandonedConnectionCleanupThread.run(AbandonedConnectionCleanupThread.java:90)
		at java.util.concurrent.ThreadPoolExecutor.runWorker(ThreadPoolExecutor.java:1149)
		at java.util.concurrent.ThreadPoolExecutor$Worker.run(ThreadPoolExecutor.java:624)
		at java.lang.Thread.run(Thread.java:748)
24-Nov-2024 11:15:50.149 INFO [mysql-cj-abandoned-connection-cleanup] org.apache.catalina.loader.WebappClassLoaderBase.checkStateForResourceLoading Illegal access: this web application instance has been stopped already. Could not load []. The following stack trace is thrown for debugging purposes as well as to attempt to terminate the thread which caused the illegal access.
	java.lang.IllegalStateException: Illegal access: this web application instance has been stopped already. Could not load []. The following stack trace is thrown for debugging purposes as well as to attempt to terminate the thread which caused the illegal access.
		at org.apache.catalina.loader.WebappClassLoaderBase.checkStateForResourceLoading(WebappClassLoaderBase.java:1328)
		at org.apache.catalina.loader.WebappClassLoaderBase.getResource(WebappClassLoaderBase.java:960)
		at com.mysql.cj.jdbc.AbandonedConnectionCleanupThread.checkThreadContextClassLoader(AbandonedConnectionCleanupThread.java:123)
		at com.mysql.cj.jdbc.AbandonedConnectionCleanupThread.run(AbandonedConnectionCleanupThread.java:90)
		at java.util.concurrent.ThreadPoolExecutor.runWorker(ThreadPoolExecutor.java:1149)
		at java.util.concurrent.ThreadPoolExecutor$Worker.run(ThreadPoolExecutor.java:624)
		at java.lang.Thread.run(Thread.java:748)
24-Nov-2024 11:15:50.150 INFO [mysql-cj-abandoned-connection-cleanup] org.apache.catalina.loader.WebappClassLoaderBase.checkStateForResourceLoading Illegal access: this web application instance has been stopped already. Could not load []. The following stack trace is thrown for debugging purposes as well as to attempt to terminate the thread which caused the illegal access.
	java.lang.IllegalStateException: Illegal access: this web application instance has been stopped already. Could not load []. The following stack trace is thrown for debugging purposes as well as to attempt to terminate the thread which caused the illegal access.
		at org.apache.catalina.loader.WebappClassLoaderBase.checkStateForResourceLoading(WebappClassLoaderBase.java:1328)
		at org.apache.catalina.loader.WebappClassLoaderBase.getResource(WebappClassLoaderBase.java:960)
		at com.mysql.cj.jdbc.AbandonedConnectionCleanupThread.checkThreadContextClassLoader(AbandonedConnectionCleanupThread.java:123)
		at com.mysql.cj.jdbc.AbandonedConnectionCleanupThread.run(AbandonedConnectionCleanupThread.java:90)
		at java.util.concurrent.ThreadPoolExecutor.runWorker(ThreadPoolExecutor.java:1149)
		at java.util.concurrent.ThreadPoolExecutor$Worker.run(ThreadPoolExecutor.java:624)
		at java.lang.Thread.run(Thread.java:748)
24-Nov-2024 11:15:50.150 INFO [mysql-cj-abandoned-connection-cleanup] org.apache.catalina.loader.WebappClassLoaderBase.checkStateForResourceLoading Illegal access: this web application instance has been stopped already. Could not load []. The following stack trace is thrown for debugging purposes as well as to attempt to terminate the thread which caused the illegal access.
	java.lang.IllegalStateException: Illegal access: this web application instance has been stopped already. Could not load []. The following stack trace is thrown for debugging purposes as well as to attempt to terminate the thread which caused the illegal access.
		at org.apache.catalina.loader.WebappClassLoaderBase.checkStateForResourceLoading(WebappClassLoaderBase.java:1328)
		at org.apache.catalina.loader.WebappClassLoaderBase.getResource(WebappClassLoaderBase.java:960)
		at com.mysql.cj.jdbc.AbandonedConnectionCleanupThread.checkThreadContextClassLoader(AbandonedConnectionCleanupThread.java:123)
		at com.mysql.cj.jdbc.AbandonedConnectionCleanupThread.run(AbandonedConnectionCleanupThread.java:90)
		at java.util.concurrent.ThreadPoolExecutor.runWorker(ThreadPoolExecutor.java:1149)
		at java.util.concurrent.ThreadPoolExecutor$Worker.run(ThreadPoolExecutor.java:624)
		at java.lang.Thread.run(Thread.java:748)
24-Nov-2024 11:15:50.150 INFO [mysql-cj-abandoned-connection-cleanup] org.apache.catalina.loader.WebappClassLoaderBase.checkStateForResourceLoading Illegal access: this web application instance has been stopped already. Could not load []. The following stack trace is thrown for debugging purposes as well as to attempt to terminate the thread which caused the illegal access.
	java.lang.IllegalStateException: Illegal access: this web application instance has been stopped already. Could not load []. The following stack trace is thrown for debugging purposes as well as to attempt to terminate the thread which caused the illegal access.
		at org.apache.catalina.loader.WebappClassLoaderBase.checkStateForResourceLoading(WebappClassLoaderBase.java:1328)
		at org.apache.catalina.loader.WebappClassLoaderBase.getResource(WebappClassLoaderBase.java:960)
		at com.mysql.cj.jdbc.AbandonedConnectionCleanupThread.checkThreadContextClassLoader(AbandonedConnectionCleanupThread.java:123)
		at com.mysql.cj.jdbc.AbandonedConnectionCleanupThread.run(AbandonedConnectionCleanupThread.java:90)
		at java.util.concurrent.ThreadPoolExecutor.runWorker(ThreadPoolExecutor.java:1149)
		at java.util.concurrent.ThreadPoolExecutor$Worker.run(ThreadPoolExecutor.java:624)
		at java.lang.Thread.run(Thread.java:748)
24-Nov-2024 11:15:50.150 INFO [mysql-cj-abandoned-connection-cleanup] org.apache.catalina.loader.WebappClassLoaderBase.checkStateForResourceLoading Illegal access: this web application instance has been stopped already. Could not load []. The following stack trace is thrown for debugging purposes as well as to attempt to terminate the thread which caused the illegal access.
	java.lang.IllegalStateException: Illegal access: this web application instance has been stopped already. Could not load []. The following stack trace is thrown for debugging purposes as well as to attempt to terminate the thread which caused the illegal access.
		at org.apache.catalina.loader.WebappClassLoaderBase.checkStateForResourceLoading(WebappClassLoaderBase.java:1328)
		at org.apache.catalina.loader.WebappClassLoaderBase.getResource(WebappClassLoaderBase.java:960)
		at com.mysql.cj.jdbc.AbandonedConnectionCleanupThread.checkThreadContextClassLoader(AbandonedConnectionCleanupThread.java:123)
		at com.mysql.cj.jdbc.AbandonedConnectionCleanupThread.run(AbandonedConnectionCleanupThread.java:90)
		at java.util.concurrent.ThreadPoolExecutor.runWorker(ThreadPoolExecutor.java:1149)
		at java.util.concurrent.ThreadPoolExecutor$Worker.run(ThreadPoolExecutor.java:624)
		at java.lang.Thread.run(Thread.java:748)
24-Nov-2024 11:15:50.150 INFO [mysql-cj-abandoned-connection-cleanup] org.apache.catalina.loader.WebappClassLoaderBase.checkStateForResourceLoading Illegal access: this web application instance has been stopped already. Could not load []. The following stack trace is thrown for debugging purposes as well as to attempt to terminate the thread which caused the illegal access.
	java.lang.IllegalStateException: Illegal access: this web application instance has been stopped already. Could not load []. The following stack trace is thrown for debugging purposes as well as to attempt to terminate the thread which caused the illegal access.
		at org.apache.catalina.loader.WebappClassLoaderBase.checkStateForResourceLoading(WebappClassLoaderBase.java:1328)
		at org.apache.catalina.loader.WebappClassLoaderBase.getResource(WebappClassLoaderBase.java:960)
		at com.mysql.cj.jdbc.AbandonedConnectionCleanupThread.checkThreadContextClassLoader(AbandonedConnectionCleanupThread.java:123)
		at com.mysql.cj.jdbc.AbandonedConnectionCleanupThread.run(AbandonedConnectionCleanupThread.java:90)
		at java.util.concurrent.ThreadPoolExecutor.runWorker(ThreadPoolExecutor.java:1149)
		at java.util.concurrent.ThreadPoolExecutor$Worker.run(ThreadPoolExecutor.java:624)
		at java.lang.Thread.run(Thread.java:748)
24-Nov-2024 11:15:50.243 INFO [http-nio-8080-exec-3] org.apache.jasper.servlet.TldScanner.scanJars At least one JAR was scanned for TLDs yet contained no TLDs. Enable debug logging for this logger for a complete list of JARs that were scanned but no TLDs were found in them. Skipping unneeded JARs during scanning can improve startup time and JSP compilation time.
24-Nov-2024 11:15:50.245 INFO [http-nio-8080-exec-3] org.apache.catalina.startup.HostConfig.deployDescriptor Deployment of deployment descriptor [/home/adrian/Documents/apache-tomcat-9.0.95/conf/Catalina/localhost/ROOT.xml] has finished in [145] ms
24-Nov-2024 11:15:50.249 INFO [http-nio-8080-exec-11] org.apache.catalina.util.LifecycleBase.start The start() method was called on component [StandardEngine[Catalina].StandardHost[localhost].StandardContext[]] after start() had already been called. The second call will be ignored.
24-Nov-2024 11:15:58.150 INFO [http-nio-8080-exec-10] db.DataSource.testConnection Conectat cu succes la baza de date!
24-Nov-2024 11:15:58.152 INFO [http-nio-8080-exec-10] db.DataSource.testConnection Conectat cu succes la baza de date!
24-Nov-2024 11:16:00.201 INFO [http-nio-8080-exec-13] db.DataSource.testConnection Conectat cu succes la baza de date!
24-Nov-2024 11:17:43.938 INFO [http-nio-8080-exec-16] db.DataSource.testConnection Conectat cu succes la baza de date!
24-Nov-2024 11:17:43.946 INFO [http-nio-8080-exec-17] db.DataSource.testConnection Conectat cu succes la baza de date!
24-Nov-2024 11:17:44.005 INFO [http-nio-8080-exec-21] db.DataSource.testConnection Conectat cu succes la baza de date!
24-Nov-2024 11:17:44.005 INFO [http-nio-8080-exec-11] db.DataSource.testConnection Conectat cu succes la baza de date!
24-Nov-2024 11:17:44.026 INFO [http-nio-8080-exec-1] db.DataSource.testConnection Conectat cu succes la baza de date!
24-Nov-2024 11:17:44.029 INFO [http-nio-8080-exec-19] org.apache.catalina.core.StandardWrapper.unload Waiting for [1] instance(s) to be deallocated for Servlet [homeserv]
24-Nov-2024 11:17:44.133 WARNING [http-nio-8080-exec-19] org.apache.catalina.loader.WebappClassLoaderBase.clearReferencesJdbc The web application [ROOT] registered the JDBC driver [com.mysql.cj.jdbc.Driver] but failed to unregister it when the web application was stopped. To prevent a memory leak, the JDBC Driver has been forcibly unregistered.
24-Nov-2024 11:17:44.133 WARNING [http-nio-8080-exec-19] org.apache.catalina.loader.WebappClassLoaderBase.clearReferencesJdbc The web application [ROOT] registered the JDBC driver [com.mysql.jdbc.Driver] but failed to unregister it when the web application was stopped. To prevent a memory leak, the JDBC Driver has been forcibly unregistered.
24-Nov-2024 11:17:44.134 WARNING [http-nio-8080-exec-19] org.apache.catalina.loader.WebappClassLoaderBase.clearReferencesThreads The web application [ROOT] appears to have started a thread named [mysql-cj-abandoned-connection-cleanup] but has failed to stop it. This is very likely to create a memory leak. Stack trace of thread:
 java.lang.Object.wait(Native Method)
 java.lang.ref.ReferenceQueue.remove(ReferenceQueue.java:144)
 com.mysql.cj.jdbc.AbandonedConnectionCleanupThread.run(AbandonedConnectionCleanupThread.java:91)
 java.util.concurrent.ThreadPoolExecutor.runWorker(ThreadPoolExecutor.java:1149)
 java.util.concurrent.ThreadPoolExecutor$Worker.run(ThreadPoolExecutor.java:624)
 java.lang.Thread.run(Thread.java:748)
24-Nov-2024 11:17:44.635 INFO [http-nio-8080-exec-19] org.apache.catalina.startup.HostConfig.undeploy Undeploying context []
24-Nov-2024 11:17:48.070 INFO [mysql-cj-abandoned-connection-cleanup] org.apache.catalina.loader.WebappClassLoaderBase.checkStateForResourceLoading Illegal access: this web application instance has been stopped already. Could not load []. The following stack trace is thrown for debugging purposes as well as to attempt to terminate the thread which caused the illegal access.
	java.lang.IllegalStateException: Illegal access: this web application instance has been stopped already. Could not load []. The following stack trace is thrown for debugging purposes as well as to attempt to terminate the thread which caused the illegal access.
		at org.apache.catalina.loader.WebappClassLoaderBase.checkStateForResourceLoading(WebappClassLoaderBase.java:1328)
		at org.apache.catalina.loader.WebappClassLoaderBase.getResource(WebappClassLoaderBase.java:960)
		at com.mysql.cj.jdbc.AbandonedConnectionCleanupThread.checkThreadContextClassLoader(AbandonedConnectionCleanupThread.java:123)
		at com.mysql.cj.jdbc.AbandonedConnectionCleanupThread.run(AbandonedConnectionCleanupThread.java:90)
		at java.util.concurrent.ThreadPoolExecutor.runWorker(ThreadPoolExecutor.java:1149)
		at java.util.concurrent.ThreadPoolExecutor$Worker.run(ThreadPoolExecutor.java:624)
		at java.lang.Thread.run(Thread.java:748)
24-Nov-2024 11:17:48.591 INFO [http-nio-8080-exec-20] org.apache.catalina.startup.HostConfig.deployDescriptor Deploying deployment descriptor [/home/adrian/Documents/apache-tomcat-9.0.95/conf/Catalina/localhost/ROOT.xml]
24-Nov-2024 11:17:48.591 WARNING [http-nio-8080-exec-20] org.apache.catalina.startup.HostConfig.deployDescriptor The path attribute with value [] in deployment descriptor [/home/adrian/Documents/apache-tomcat-9.0.95/conf/Catalina/localhost/ROOT.xml] has been ignored
24-Nov-2024 11:17:48.718 INFO [http-nio-8080-exec-20] org.apache.jasper.servlet.TldScanner.scanJars At least one JAR was scanned for TLDs yet contained no TLDs. Enable debug logging for this logger for a complete list of JARs that were scanned but no TLDs were found in them. Skipping unneeded JARs during scanning can improve startup time and JSP compilation time.
24-Nov-2024 11:17:48.721 INFO [http-nio-8080-exec-20] org.apache.catalina.startup.HostConfig.deployDescriptor Deployment of deployment descriptor [/home/adrian/Documents/apache-tomcat-9.0.95/conf/Catalina/localhost/ROOT.xml] has finished in [130] ms
24-Nov-2024 11:17:48.724 INFO [http-nio-8080-exec-22] org.apache.catalina.util.LifecycleBase.start The start() method was called on component [StandardEngine[Catalina].StandardHost[localhost].StandardContext[]] after start() had already been called. The second call will be ignored.
24-Nov-2024 11:17:48.887 INFO [http-nio-8080-exec-21] db.DataSource.testConnection Conectat cu succes la baza de date!
24-Nov-2024 11:17:48.889 INFO [http-nio-8080-exec-21] db.DataSource.testConnection Conectat cu succes la baza de date!
24-Nov-2024 11:17:48.982 INFO [http-nio-8080-exec-19] db.DataSource.testConnection Conectat cu succes la baza de date!
24-Nov-2024 11:17:49.052 INFO [http-nio-8080-exec-14] db.DataSource.testConnection Conectat cu succes la baza de date!
24-Nov-2024 11:19:44.969 INFO [http-nio-8080-exec-23] db.DataSource.testConnection Conectat cu succes la baza de date!
24-Nov-2024 11:19:44.997 INFO [http-nio-8080-exec-24] db.DataSource.testConnection Conectat cu succes la baza de date!
24-Nov-2024 11:19:45.161 INFO [http-nio-8080-exec-25] db.DataSource.testConnection Conectat cu succes la baza de date!
24-Nov-2024 11:20:52.084 INFO [http-nio-8080-exec-24] db.DataSource.testConnection Conectat cu succes la baza de date!
24-Nov-2024 11:20:52.145 INFO [http-nio-8080-exec-27] db.DataSource.testConnection Conectat cu succes la baza de date!
24-Nov-2024 11:20:52.165 INFO [http-nio-8080-exec-21] db.DataSource.testConnection Conectat cu succes la baza de date!
24-Nov-2024 11:20:52.186 INFO [http-nio-8080-exec-23] db.DataSource.testConnection Conectat cu succes la baza de date!
24-Nov-2024 11:20:52.501 INFO [http-nio-8080-exec-21] db.DataSource.testConnection Conectat cu succes la baza de date!
24-Nov-2024 11:20:52.514 INFO [http-nio-8080-exec-25] db.DataSource.testConnection Conectat cu succes la baza de date!
24-Nov-2024 11:20:52.530 INFO [http-nio-8080-exec-19] db.DataSource.testConnection Conectat cu succes la baza de date!
24-Nov-2024 11:20:54.679 INFO [http-nio-8080-exec-26] db.DataSource.testConnection Conectat cu succes la baza de date!
24-Nov-2024 11:20:54.698 INFO [http-nio-8080-exec-27] db.DataSource.testConnection Conectat cu succes la baza de date!
24-Nov-2024 11:20:54.724 INFO [http-nio-8080-exec-23] db.DataSource.testConnection Conectat cu succes la baza de date!
24-Nov-2024 11:22:40.108 INFO [http-nio-8080-exec-28] db.DataSource.testConnection Conectat cu succes la baza de date!
24-Nov-2024 11:22:40.165 INFO [http-nio-8080-exec-27] db.DataSource.testConnection Conectat cu succes la baza de date!
24-Nov-2024 11:22:40.182 INFO [http-nio-8080-exec-19] db.DataSource.testConnection Conectat cu succes la baza de date!
24-Nov-2024 11:22:40.203 INFO [http-nio-8080-exec-23] db.DataSource.testConnection Conectat cu succes la baza de date!
24-Nov-2024 11:22:40.520 INFO [http-nio-8080-exec-31] db.DataSource.testConnection Conectat cu succes la baza de date!
24-Nov-2024 11:22:40.534 INFO [http-nio-8080-exec-26] db.DataSource.testConnection Conectat cu succes la baza de date!
24-Nov-2024 11:22:40.551 INFO [http-nio-8080-exec-14] db.DataSource.testConnection Conectat cu succes la baza de date!
24-Nov-2024 11:22:45.210 INFO [http-nio-8080-exec-25] db.DataSource.testConnection Conectat cu succes la baza de date!
24-Nov-2024 11:22:45.235 INFO [http-nio-8080-exec-27] db.DataSource.testConnection Conectat cu succes la baza de date!
24-Nov-2024 11:22:45.260 INFO [http-nio-8080-exec-23] db.DataSource.testConnection Conectat cu succes la baza de date!
24-Nov-2024 11:22:46.950 INFO [http-nio-8080-exec-29] db.DataSource.testConnection Conectat cu succes la baza de date!
24-Nov-2024 11:22:46.970 INFO [http-nio-8080-exec-30] db.DataSource.testConnection Conectat cu succes la baza de date!
24-Nov-2024 11:22:46.996 INFO [http-nio-8080-exec-31] db.DataSource.testConnection Conectat cu succes la baza de date!
24-Nov-2024 11:22:49.855 INFO [http-nio-8080-exec-14] db.DataSource.testConnection Conectat cu succes la baza de date!
24-Nov-2024 11:22:49.882 INFO [http-nio-8080-exec-25] db.DataSource.testConnection Conectat cu succes la baza de date!
24-Nov-2024 11:22:49.899 WARNING [http-nio-8080-exec-24] org.apache.catalina.loader.WebappClassLoaderBase.clearReferencesJdbc The web application [ROOT] registered the JDBC driver [com.mysql.cj.jdbc.Driver] but failed to unregister it when the web application was stopped. To prevent a memory leak, the JDBC Driver has been forcibly unregistered.
24-Nov-2024 11:22:49.899 WARNING [http-nio-8080-exec-24] org.apache.catalina.loader.WebappClassLoaderBase.clearReferencesJdbc The web application [ROOT] registered the JDBC driver [com.mysql.jdbc.Driver] but failed to unregister it when the web application was stopped. To prevent a memory leak, the JDBC Driver has been forcibly unregistered.
24-Nov-2024 11:22:49.899 WARNING [http-nio-8080-exec-24] org.apache.catalina.loader.WebappClassLoaderBase.clearReferencesThreads The web application [ROOT] appears to have started a thread named [mysql-cj-abandoned-connection-cleanup] but has failed to stop it. This is very likely to create a memory leak. Stack trace of thread:
 java.lang.Object.wait(Native Method)
 java.lang.ref.ReferenceQueue.remove(ReferenceQueue.java:144)
 com.mysql.cj.jdbc.AbandonedConnectionCleanupThread.run(AbandonedConnectionCleanupThread.java:91)
 java.util.concurrent.ThreadPoolExecutor.runWorker(ThreadPoolExecutor.java:1149)
 java.util.concurrent.ThreadPoolExecutor$Worker.run(ThreadPoolExecutor.java:624)
 java.lang.Thread.run(Thread.java:748)
24-Nov-2024 11:22:50.400 INFO [http-nio-8080-exec-24] org.apache.catalina.startup.HostConfig.undeploy Undeploying context []
24-Nov-2024 11:22:54.870 INFO [mysql-cj-abandoned-connection-cleanup] org.apache.catalina.loader.WebappClassLoaderBase.checkStateForResourceLoading Illegal access: this web application instance has been stopped already. Could not load []. The following stack trace is thrown for debugging purposes as well as to attempt to terminate the thread which caused the illegal access.
	java.lang.IllegalStateException: Illegal access: this web application instance has been stopped already. Could not load []. The following stack trace is thrown for debugging purposes as well as to attempt to terminate the thread which caused the illegal access.
		at org.apache.catalina.loader.WebappClassLoaderBase.checkStateForResourceLoading(WebappClassLoaderBase.java:1328)
		at org.apache.catalina.loader.WebappClassLoaderBase.getResource(WebappClassLoaderBase.java:960)
		at com.mysql.cj.jdbc.AbandonedConnectionCleanupThread.checkThreadContextClassLoader(AbandonedConnectionCleanupThread.java:123)
		at com.mysql.cj.jdbc.AbandonedConnectionCleanupThread.run(AbandonedConnectionCleanupThread.java:90)
		at java.util.concurrent.ThreadPoolExecutor.runWorker(ThreadPoolExecutor.java:1149)
		at java.util.concurrent.ThreadPoolExecutor$Worker.run(ThreadPoolExecutor.java:624)
		at java.lang.Thread.run(Thread.java:748)
24-Nov-2024 11:23:00.099 INFO [http-nio-8080-exec-28] org.apache.catalina.startup.HostConfig.deployDescriptor Deploying deployment descriptor [/home/adrian/Documents/apache-tomcat-9.0.95/conf/Catalina/localhost/ROOT.xml]
24-Nov-2024 11:23:00.099 WARNING [http-nio-8080-exec-28] org.apache.catalina.startup.HostConfig.deployDescriptor The path attribute with value [] in deployment descriptor [/home/adrian/Documents/apache-tomcat-9.0.95/conf/Catalina/localhost/ROOT.xml] has been ignored
24-Nov-2024 11:23:00.208 INFO [http-nio-8080-exec-28] org.apache.jasper.servlet.TldScanner.scanJars At least one JAR was scanned for TLDs yet contained no TLDs. Enable debug logging for this logger for a complete list of JARs that were scanned but no TLDs were found in them. Skipping unneeded JARs during scanning can improve startup time and JSP compilation time.
24-Nov-2024 11:23:00.210 INFO [http-nio-8080-exec-28] org.apache.catalina.startup.HostConfig.deployDescriptor Deployment of deployment descriptor [/home/adrian/Documents/apache-tomcat-9.0.95/conf/Catalina/localhost/ROOT.xml] has finished in [111] ms
24-Nov-2024 11:23:00.212 INFO [http-nio-8080-exec-30] org.apache.catalina.util.LifecycleBase.start The start() method was called on component [StandardEngine[Catalina].StandardHost[localhost].StandardContext[]] after start() had already been called. The second call will be ignored.
24-Nov-2024 11:23:00.379 INFO [http-nio-8080-exec-27] db.DataSource.testConnection Conectat cu succes la baza de date!
24-Nov-2024 11:23:00.381 INFO [http-nio-8080-exec-27] db.DataSource.testConnection Conectat cu succes la baza de date!
24-Nov-2024 11:23:00.465 INFO [http-nio-8080-exec-23] db.DataSource.testConnection Conectat cu succes la baza de date!
24-Nov-2024 11:23:00.534 INFO [http-nio-8080-exec-24] db.DataSource.testConnection Conectat cu succes la baza de date!
24-Nov-2024 11:45:13.847 INFO [Thread-2] org.apache.coyote.AbstractProtocol.pause Pausing ProtocolHandler ["http-nio-8080"]
24-Nov-2024 11:45:13.847 INFO [Thread-2] org.apache.catalina.core.StandardService.stopInternal Stopping service [Catalina]
24-Nov-2024 11:45:13.851 WARNING [Thread-2] org.apache.catalina.loader.WebappClassLoaderBase.clearReferencesJdbc The web application [ROOT] registered the JDBC driver [com.mysql.cj.jdbc.Driver] but failed to unregister it when the web application was stopped. To prevent a memory leak, the JDBC Driver has been forcibly unregistered.
24-Nov-2024 11:45:13.851 WARNING [Thread-2] org.apache.catalina.loader.WebappClassLoaderBase.clearReferencesJdbc The web application [ROOT] registered the JDBC driver [com.mysql.jdbc.Driver] but failed to unregister it when the web application was stopped. To prevent a memory leak, the JDBC Driver has been forcibly unregistered.
24-Nov-2024 11:45:13.851 WARNING [Thread-2] org.apache.catalina.loader.WebappClassLoaderBase.clearReferencesThreads The web application [ROOT] appears to have started a thread named [mysql-cj-abandoned-connection-cleanup] but has failed to stop it. This is very likely to create a memory leak. Stack trace of thread:
 java.lang.Object.wait(Native Method)
 java.lang.ref.ReferenceQueue.remove(ReferenceQueue.java:144)
 com.mysql.cj.jdbc.AbandonedConnectionCleanupThread.run(AbandonedConnectionCleanupThread.java:91)
 java.util.concurrent.ThreadPoolExecutor.runWorker(ThreadPoolExecutor.java:1149)
 java.util.concurrent.ThreadPoolExecutor$Worker.run(ThreadPoolExecutor.java:624)
 java.lang.Thread.run(Thread.java:748)
24-Nov-2024 11:45:13.855 INFO [Thread-2] org.apache.coyote.AbstractProtocol.stop Stopping ProtocolHandler ["http-nio-8080"]
24-Nov-2024 11:45:13.858 INFO [Thread-2] org.apache.coyote.AbstractProtocol.destroy Destroying ProtocolHandler ["http-nio-8080"]
