27-Jan-2025 21:12:24.088 INFO [main] org.apache.catalina.startup.VersionLoggerListener.log Server version name:   Apache Tomcat/9.0.95
27-Jan-2025 21:12:24.090 INFO [main] org.apache.catalina.startup.VersionLoggerListener.log Server built:          Sep 13 2024 18:07:47 UTC
27-Jan-2025 21:12:24.090 INFO [main] org.apache.catalina.startup.VersionLoggerListener.log Server version number: 9.0.95.0
27-Jan-2025 21:12:24.090 INFO [main] org.apache.catalina.startup.VersionLoggerListener.log OS Name:               Linux
27-Jan-2025 21:12:24.090 INFO [main] org.apache.catalina.startup.VersionLoggerListener.log OS Version:            6.8.0-51-generic
27-Jan-2025 21:12:24.090 INFO [main] org.apache.catalina.startup.VersionLoggerListener.log Architecture:          amd64
27-Jan-2025 21:12:24.090 INFO [main] org.apache.catalina.startup.VersionLoggerListener.log Java Home:             /usr/lib/jvm/jdk1.8.0_281/jre
27-Jan-2025 21:12:24.090 INFO [main] org.apache.catalina.startup.VersionLoggerListener.log JVM Version:           1.8.0_281-b09
27-Jan-2025 21:12:24.090 INFO [main] org.apache.catalina.startup.VersionLoggerListener.log JVM Vendor:            Oracle Corporation
27-Jan-2025 21:12:24.090 INFO [main] org.apache.catalina.startup.VersionLoggerListener.log CATALINA_BASE:         /home/adrian/Documents/apache-tomcat-9.0.95
27-Jan-2025 21:12:24.090 INFO [main] org.apache.catalina.startup.VersionLoggerListener.log CATALINA_HOME:         /home/adrian/Documents/apache-tomcat-9.0.95
27-Jan-2025 21:12:24.091 INFO [main] org.apache.catalina.startup.VersionLoggerListener.log Command line argument: -Djava.util.logging.config.file=/home/adrian/Documents/apache-tomcat-9.0.95/conf/logging.properties
27-Jan-2025 21:12:24.091 INFO [main] org.apache.catalina.startup.VersionLoggerListener.log Command line argument: -Djava.util.logging.manager=org.apache.juli.ClassLoaderLogManager
27-Jan-2025 21:12:24.091 INFO [main] org.apache.catalina.startup.VersionLoggerListener.log Command line argument: -Dhttp.nonProxyHosts=localhost|127.0.0.1|adrian-System-Product-Name
27-Jan-2025 21:12:24.091 INFO [main] org.apache.catalina.startup.VersionLoggerListener.log Command line argument: -Djdk.tls.ephemeralDHKeySize=2048
27-Jan-2025 21:12:24.091 INFO [main] org.apache.catalina.startup.VersionLoggerListener.log Command line argument: -Djava.protocol.handler.pkgs=org.apache.catalina.webresources
27-Jan-2025 21:12:24.091 INFO [main] org.apache.catalina.startup.VersionLoggerListener.log Command line argument: -Dorg.apache.catalina.security.SecurityListener.UMASK=0027
27-Jan-2025 21:12:24.091 INFO [main] org.apache.catalina.startup.VersionLoggerListener.log Command line argument: -Dignore.endorsed.dirs=
27-Jan-2025 21:12:24.091 INFO [main] org.apache.catalina.startup.VersionLoggerListener.log Command line argument: -Dcatalina.base=/home/adrian/Documents/apache-tomcat-9.0.95
27-Jan-2025 21:12:24.091 INFO [main] org.apache.catalina.startup.VersionLoggerListener.log Command line argument: -Dcatalina.home=/home/adrian/Documents/apache-tomcat-9.0.95
27-Jan-2025 21:12:24.091 INFO [main] org.apache.catalina.startup.VersionLoggerListener.log Command line argument: -Djava.io.tmpdir=/home/adrian/Documents/apache-tomcat-9.0.95/temp
27-Jan-2025 21:12:24.092 INFO [main] org.apache.catalina.core.AprLifecycleListener.lifecycleEvent The Apache Tomcat Native library which allows using OpenSSL was not found on the java.library.path: [/usr/java/packages/lib/amd64:/usr/lib64:/lib64:/lib:/usr/lib]
27-Jan-2025 21:12:24.270 INFO [main] org.apache.coyote.AbstractProtocol.init Initializing ProtocolHandler ["http-nio-8080"]
27-Jan-2025 21:12:24.289 INFO [main] org.apache.catalina.startup.Catalina.load Server initialization in [290] milliseconds
27-Jan-2025 21:12:24.308 INFO [main] org.apache.catalina.core.StandardService.startInternal Starting service [Catalina]
27-Jan-2025 21:12:24.308 INFO [main] org.apache.catalina.core.StandardEngine.startInternal Starting Servlet engine: [Apache Tomcat/9.0.95]
27-Jan-2025 21:12:24.314 INFO [main] org.apache.catalina.startup.HostConfig.deployDescriptor Deploying deployment descriptor [/home/adrian/Documents/apache-tomcat-9.0.95/conf/Catalina/localhost/ROOT.xml]
27-Jan-2025 21:12:24.323 WARNING [main] org.apache.catalina.startup.HostConfig.deployDescriptor The path attribute with value [] in deployment descriptor [/home/adrian/Documents/apache-tomcat-9.0.95/conf/Catalina/localhost/ROOT.xml] has been ignored
27-Jan-2025 21:12:24.651 INFO [main] org.apache.jasper.servlet.TldScanner.scanJars At least one JAR was scanned for TLDs yet contained no TLDs. Enable debug logging for this logger for a complete list of JARs that were scanned but no TLDs were found in them. Skipping unneeded JARs during scanning can improve startup time and JSP compilation time.
27-Jan-2025 21:12:24.666 INFO [main] org.apache.catalina.startup.HostConfig.deployDescriptor Deployment of deployment descriptor [/home/adrian/Documents/apache-tomcat-9.0.95/conf/Catalina/localhost/ROOT.xml] has finished in [353] ms
27-Jan-2025 21:12:24.666 INFO [main] org.apache.catalina.startup.HostConfig.deployDirectory Deploying web application directory [/home/adrian/Documents/apache-tomcat-9.0.95/webapps/host-manager]
27-Jan-2025 21:12:24.683 INFO [main] org.apache.catalina.startup.HostConfig.deployDirectory Deployment of web application directory [/home/adrian/Documents/apache-tomcat-9.0.95/webapps/host-manager] has finished in [17] ms
27-Jan-2025 21:12:24.683 INFO [main] org.apache.catalina.startup.HostConfig.deployDirectory Deploying web application directory [/home/adrian/Documents/apache-tomcat-9.0.95/webapps/manager]
27-Jan-2025 21:12:24.693 INFO [main] org.apache.catalina.startup.HostConfig.deployDirectory Deployment of web application directory [/home/adrian/Documents/apache-tomcat-9.0.95/webapps/manager] has finished in [10] ms
27-Jan-2025 21:12:24.693 INFO [main] org.apache.catalina.startup.HostConfig.deployDirectory Deploying web application directory [/home/adrian/Documents/apache-tomcat-9.0.95/webapps/docs]
27-Jan-2025 21:12:24.701 INFO [main] org.apache.catalina.startup.HostConfig.deployDirectory Deployment of web application directory [/home/adrian/Documents/apache-tomcat-9.0.95/webapps/docs] has finished in [8] ms
27-Jan-2025 21:12:24.701 INFO [main] org.apache.catalina.startup.HostConfig.deployDirectory Deploying web application directory [/home/adrian/Documents/apache-tomcat-9.0.95/webapps/examples]
27-Jan-2025 21:12:24.788 INFO [main] org.apache.catalina.startup.HostConfig.deployDirectory Deployment of web application directory [/home/adrian/Documents/apache-tomcat-9.0.95/webapps/examples] has finished in [87] ms
27-Jan-2025 21:12:24.790 INFO [main] org.apache.coyote.AbstractProtocol.start Starting ProtocolHandler ["http-nio-8080"]
27-Jan-2025 21:12:24.798 INFO [main] org.apache.catalina.startup.Catalina.start Server startup in [508] milliseconds
27-Jan-2025 21:12:25.198 INFO [http-nio-8080-exec-1] db.DataSource.testConnection Conectat cu succes la baza de date!
27-Jan-2025 21:12:25.203 INFO [http-nio-8080-exec-1] db.DataSource.testConnection Conectat cu succes la baza de date!
27-Jan-2025 21:12:26.965 INFO [http-nio-8080-exec-7] db.DataSource.testConnection Conectat cu succes la baza de date!
27-Jan-2025 21:12:26.988 INFO [http-nio-8080-exec-1] db.DataSource.testConnection Conectat cu succes la baza de date!
27-Jan-2025 21:12:27.010 INFO [http-nio-8080-exec-9] org.apache.catalina.core.StandardWrapper.unload Waiting for [1] instance(s) to be deallocated for Servlet [homeserv]
27-Jan-2025 21:12:27.015 INFO [http-nio-8080-exec-8] db.DataSource.testConnection Conectat cu succes la baza de date!
27-Jan-2025 21:12:27.119 WARNING [http-nio-8080-exec-9] org.apache.catalina.loader.WebappClassLoaderBase.clearReferencesJdbc The web application [ROOT] registered the JDBC driver [com.mysql.cj.jdbc.Driver] but failed to unregister it when the web application was stopped. To prevent a memory leak, the JDBC Driver has been forcibly unregistered.
27-Jan-2025 21:12:27.119 WARNING [http-nio-8080-exec-9] org.apache.catalina.loader.WebappClassLoaderBase.clearReferencesJdbc The web application [ROOT] registered the JDBC driver [com.mysql.jdbc.Driver] but failed to unregister it when the web application was stopped. To prevent a memory leak, the JDBC Driver has been forcibly unregistered.
27-Jan-2025 21:12:27.120 WARNING [http-nio-8080-exec-9] org.apache.catalina.loader.WebappClassLoaderBase.clearReferencesThreads The web application [ROOT] appears to have started a thread named [mysql-cj-abandoned-connection-cleanup] but has failed to stop it. This is very likely to create a memory leak. Stack trace of thread:
 java.lang.Object.wait(Native Method)
 java.lang.ref.ReferenceQueue.remove(ReferenceQueue.java:144)
 com.mysql.cj.jdbc.AbandonedConnectionCleanupThread.run(AbandonedConnectionCleanupThread.java:91)
 java.util.concurrent.ThreadPoolExecutor.runWorker(ThreadPoolExecutor.java:1149)
 java.util.concurrent.ThreadPoolExecutor$Worker.run(ThreadPoolExecutor.java:624)
 java.lang.Thread.run(Thread.java:748)
27-Jan-2025 21:12:27.624 INFO [http-nio-8080-exec-9] org.apache.catalina.startup.HostConfig.undeploy Undeploying context []
27-Jan-2025 21:12:27.647 INFO [http-nio-8080-exec-6] org.apache.catalina.startup.HostConfig.deployDescriptor Deploying deployment descriptor [/home/adrian/Documents/apache-tomcat-9.0.95/conf/Catalina/localhost/ROOT.xml]
27-Jan-2025 21:12:27.647 WARNING [http-nio-8080-exec-6] org.apache.catalina.startup.HostConfig.deployDescriptor The path attribute with value [] in deployment descriptor [/home/adrian/Documents/apache-tomcat-9.0.95/conf/Catalina/localhost/ROOT.xml] has been ignored
27-Jan-2025 21:12:27.654 INFO [http-nio-8080-exec-6] org.apache.catalina.startup.HostConfig.deployDescriptor Deployment of deployment descriptor [/home/adrian/Documents/apache-tomcat-9.0.95/conf/Catalina/localhost/ROOT.xml] has finished in [7] ms
27-Jan-2025 21:12:27.657 INFO [http-nio-8080-exec-3] org.apache.catalina.util.LifecycleBase.start The start() method was called on component [StandardEngine[Catalina].StandardHost[localhost].StandardContext[]] after start() had already been called. The second call will be ignored.
27-Jan-2025 21:12:29.922 INFO [mysql-cj-abandoned-connection-cleanup] org.apache.catalina.loader.WebappClassLoaderBase.checkStateForResourceLoading Illegal access: this web application instance has been stopped already. Could not load []. The following stack trace is thrown for debugging purposes as well as to attempt to terminate the thread which caused the illegal access.
	java.lang.IllegalStateException: Illegal access: this web application instance has been stopped already. Could not load []. The following stack trace is thrown for debugging purposes as well as to attempt to terminate the thread which caused the illegal access.
		at org.apache.catalina.loader.WebappClassLoaderBase.checkStateForResourceLoading(WebappClassLoaderBase.java:1328)
		at org.apache.catalina.loader.WebappClassLoaderBase.getResource(WebappClassLoaderBase.java:960)
		at com.mysql.cj.jdbc.AbandonedConnectionCleanupThread.checkThreadContextClassLoader(AbandonedConnectionCleanupThread.java:123)
		at com.mysql.cj.jdbc.AbandonedConnectionCleanupThread.run(AbandonedConnectionCleanupThread.java:90)
		at java.util.concurrent.ThreadPoolExecutor.runWorker(ThreadPoolExecutor.java:1149)
		at java.util.concurrent.ThreadPoolExecutor$Worker.run(ThreadPoolExecutor.java:624)
		at java.lang.Thread.run(Thread.java:748)
27-Jan-2025 22:51:57.970 INFO [http-nio-8080-exec-15] org.apache.catalina.core.StandardContext.reload Reloading Context with name [] has started
27-Jan-2025 22:51:57.985 INFO [http-nio-8080-exec-15] org.apache.catalina.core.StandardContext.reload Reloading Context with name [] is completed
27-Jan-2025 22:52:05.209 INFO [Catalina-utility-1] org.apache.catalina.startup.HostConfig.reload Reloading context []
27-Jan-2025 22:52:05.209 INFO [Catalina-utility-1] org.apache.catalina.core.StandardContext.reload Reloading Context with name [] has started
27-Jan-2025 22:52:05.216 INFO [Catalina-utility-1] org.apache.catalina.core.StandardContext.reload Reloading Context with name [] is completed
27-Jan-2025 22:52:47.604 INFO [http-nio-8080-exec-21] org.apache.catalina.core.StandardContext.reload Reloading Context with name [] has started
27-Jan-2025 22:52:47.614 INFO [http-nio-8080-exec-21] org.apache.catalina.core.StandardContext.reload Reloading Context with name [] is completed
27-Jan-2025 22:52:47.931 INFO [http-nio-8080-exec-15] org.apache.catalina.core.StandardContext.reload Reloading Context with name [] has started
27-Jan-2025 22:52:47.940 INFO [http-nio-8080-exec-15] org.apache.catalina.core.StandardContext.reload Reloading Context with name [] is completed
27-Jan-2025 22:52:47.956 INFO [http-nio-8080-exec-13] org.apache.catalina.core.StandardContext.reload Reloading Context with name [] has started
27-Jan-2025 22:52:47.963 INFO [http-nio-8080-exec-13] org.apache.catalina.core.StandardContext.reload Reloading Context with name [] is completed
27-Jan-2025 22:53:00.520 INFO [http-nio-8080-exec-13] org.apache.catalina.core.StandardContext.reload Reloading Context with name [] has started
27-Jan-2025 22:53:00.531 INFO [http-nio-8080-exec-13] org.apache.catalina.core.StandardContext.reload Reloading Context with name [] is completed
27-Jan-2025 22:53:00.853 INFO [http-nio-8080-exec-21] org.apache.catalina.core.StandardContext.reload Reloading Context with name [] has started
27-Jan-2025 22:53:00.861 INFO [http-nio-8080-exec-21] org.apache.catalina.core.StandardContext.reload Reloading Context with name [] is completed
27-Jan-2025 22:53:00.885 INFO [http-nio-8080-exec-16] org.apache.catalina.core.StandardContext.reload Reloading Context with name [] has started
27-Jan-2025 22:53:00.894 INFO [http-nio-8080-exec-16] org.apache.catalina.core.StandardContext.reload Reloading Context with name [] is completed
27-Jan-2025 22:53:25.315 INFO [http-nio-8080-exec-16] org.apache.catalina.core.StandardContext.reload Reloading Context with name [] has started
27-Jan-2025 22:53:25.324 INFO [http-nio-8080-exec-16] org.apache.catalina.core.StandardContext.reload Reloading Context with name [] is completed
27-Jan-2025 22:53:25.641 INFO [http-nio-8080-exec-21] org.apache.catalina.core.StandardContext.reload Reloading Context with name [] has started
27-Jan-2025 22:53:25.649 INFO [http-nio-8080-exec-21] org.apache.catalina.core.StandardContext.reload Reloading Context with name [] is completed
27-Jan-2025 22:53:25.664 INFO [http-nio-8080-exec-23] org.apache.catalina.core.StandardContext.reload Reloading Context with name [] has started
27-Jan-2025 22:53:25.674 INFO [http-nio-8080-exec-23] org.apache.catalina.core.StandardContext.reload Reloading Context with name [] is completed
27-Jan-2025 22:53:31.014 INFO [http-nio-8080-exec-21] org.apache.catalina.core.StandardContext.reload Reloading Context with name [] has started
27-Jan-2025 22:53:31.022 INFO [http-nio-8080-exec-21] org.apache.catalina.core.StandardContext.reload Reloading Context with name [] is completed
27-Jan-2025 22:54:12.266 INFO [http-nio-8080-exec-17] org.apache.catalina.core.StandardContext.reload Reloading Context with name [] has started
27-Jan-2025 22:54:12.273 INFO [http-nio-8080-exec-17] org.apache.catalina.core.StandardContext.reload Reloading Context with name [] is completed
27-Jan-2025 22:54:12.911 INFO [http-nio-8080-exec-20] org.apache.catalina.core.StandardContext.reload Reloading Context with name [] has started
27-Jan-2025 22:54:12.920 INFO [http-nio-8080-exec-20] org.apache.catalina.core.StandardContext.reload Reloading Context with name [] is completed
27-Jan-2025 22:54:26.547 INFO [http-nio-8080-exec-14] org.apache.catalina.core.StandardContext.reload Reloading Context with name [] has started
27-Jan-2025 22:54:26.555 INFO [http-nio-8080-exec-14] org.apache.catalina.core.StandardContext.reload Reloading Context with name [] is completed
27-Jan-2025 22:54:26.697 INFO [http-nio-8080-exec-28] org.apache.catalina.core.StandardContext.reload Reloading Context with name [] has started
27-Jan-2025 22:54:26.708 INFO [http-nio-8080-exec-28] org.apache.catalina.core.StandardContext.reload Reloading Context with name [] is completed
27-Jan-2025 22:56:48.681 INFO [http-nio-8080-exec-14] org.apache.catalina.core.StandardContext.reload Reloading Context with name [] has started
27-Jan-2025 22:56:48.693 INFO [http-nio-8080-exec-14] org.apache.catalina.core.StandardContext.reload Reloading Context with name [] is completed
27-Jan-2025 22:56:48.775 INFO [http-nio-8080-exec-14] org.apache.catalina.core.StandardContext.reload Reloading Context with name [] has started
27-Jan-2025 22:56:48.783 INFO [http-nio-8080-exec-14] org.apache.catalina.core.StandardContext.reload Reloading Context with name [] is completed
27-Jan-2025 22:56:50.210 INFO [http-nio-8080-exec-17] org.apache.catalina.startup.HostConfig.undeploy Undeploying context []
27-Jan-2025 22:56:50.217 INFO [http-nio-8080-exec-30] org.apache.catalina.startup.HostConfig.deployDescriptor Deploying deployment descriptor [/home/adrian/Documents/apache-tomcat-9.0.95/conf/Catalina/localhost/ROOT.xml]
27-Jan-2025 22:56:50.218 WARNING [http-nio-8080-exec-30] org.apache.catalina.startup.HostConfig.deployDescriptor The path attribute with value [] in deployment descriptor [/home/adrian/Documents/apache-tomcat-9.0.95/conf/Catalina/localhost/ROOT.xml] has been ignored
27-Jan-2025 22:56:50.225 INFO [http-nio-8080-exec-30] org.apache.catalina.startup.HostConfig.deployDescriptor Deployment of deployment descriptor [/home/adrian/Documents/apache-tomcat-9.0.95/conf/Catalina/localhost/ROOT.xml] has finished in [7] ms
27-Jan-2025 22:56:50.228 INFO [http-nio-8080-exec-21] org.apache.catalina.util.LifecycleBase.start The start() method was called on component [StandardEngine[Catalina].StandardHost[localhost].StandardContext[]] after start() had already been called. The second call will be ignored.
27-Jan-2025 22:57:25.817 INFO [http-nio-8080-exec-31] org.apache.catalina.core.StandardContext.reload Reloading Context with name [] has started
27-Jan-2025 22:57:25.829 INFO [http-nio-8080-exec-31] org.apache.catalina.core.StandardContext.reload Reloading Context with name [] is completed
27-Jan-2025 22:57:25.917 INFO [http-nio-8080-exec-33] org.apache.catalina.core.StandardContext.reload Reloading Context with name [] has started
27-Jan-2025 22:57:25.927 INFO [http-nio-8080-exec-33] org.apache.catalina.core.StandardContext.reload Reloading Context with name [] is completed
27-Jan-2025 22:58:06.764 INFO [http-nio-8080-exec-34] org.apache.catalina.startup.HostConfig.undeploy Undeploying context []
27-Jan-2025 23:05:35.166 INFO [http-nio-8080-exec-37] org.apache.catalina.startup.HostConfig.deployDescriptor Deploying deployment descriptor [/home/adrian/Documents/apache-tomcat-9.0.95/conf/Catalina/localhost/ROOT.xml]
27-Jan-2025 23:05:35.166 WARNING [http-nio-8080-exec-37] org.apache.catalina.startup.HostConfig.deployDescriptor The path attribute with value [] in deployment descriptor [/home/adrian/Documents/apache-tomcat-9.0.95/conf/Catalina/localhost/ROOT.xml] has been ignored
27-Jan-2025 23:05:35.309 INFO [http-nio-8080-exec-37] org.apache.jasper.servlet.TldScanner.scanJars At least one JAR was scanned for TLDs yet contained no TLDs. Enable debug logging for this logger for a complete list of JARs that were scanned but no TLDs were found in them. Skipping unneeded JARs during scanning can improve startup time and JSP compilation time.
27-Jan-2025 23:05:35.310 INFO [http-nio-8080-exec-37] org.apache.catalina.startup.HostConfig.deployDescriptor Deployment of deployment descriptor [/home/adrian/Documents/apache-tomcat-9.0.95/conf/Catalina/localhost/ROOT.xml] has finished in [144] ms
27-Jan-2025 23:05:35.314 INFO [http-nio-8080-exec-39] org.apache.catalina.util.LifecycleBase.start The start() method was called on component [StandardEngine[Catalina].StandardHost[localhost].StandardContext[]] after start() had already been called. The second call will be ignored.
27-Jan-2025 23:05:35.533 SEVERE [http-nio-8080-exec-42] db.DataSource.loadProperties null
	java.lang.NullPointerException
		at java.util.Properties$LineReader.readLine(Properties.java:434)
		at java.util.Properties.load0(Properties.java:353)
		at java.util.Properties.load(Properties.java:341)
		at db.DataSource.loadProperties(DataSource.java:58)
		at db.DataSource.<init>(DataSource.java:15)
		at db.DataSource.<init>(DataSource.java:12)
		at db.DataSource$DataSourceHolder.<clinit>(DataSource.java:25)
		at db.DataSource.getInstance(DataSource.java:20)
		at com.edumentor.servlets.homeserv.processRequest(homeserv.java:29)
		at com.edumentor.servlets.homeserv.doGet(homeserv.java:47)
		at javax.servlet.http.HttpServlet.service(HttpServlet.java:529)
		at javax.servlet.http.HttpServlet.service(HttpServlet.java:623)
		at org.apache.catalina.core.ApplicationFilterChain.internalDoFilter(ApplicationFilterChain.java:199)
		at org.apache.catalina.core.ApplicationFilterChain.doFilter(ApplicationFilterChain.java:144)
		at org.apache.tomcat.websocket.server.WsFilter.doFilter(WsFilter.java:51)
		at org.apache.catalina.core.ApplicationFilterChain.internalDoFilter(ApplicationFilterChain.java:168)
		at org.apache.catalina.core.ApplicationFilterChain.doFilter(ApplicationFilterChain.java:144)
		at org.apache.catalina.core.StandardWrapperValve.invoke(StandardWrapperValve.java:168)
		at org.apache.catalina.core.StandardContextValve.invoke(StandardContextValve.java:90)
		at org.apache.catalina.authenticator.AuthenticatorBase.invoke(AuthenticatorBase.java:482)
		at org.apache.catalina.core.StandardHostValve.invoke(StandardHostValve.java:130)
		at org.apache.catalina.valves.ErrorReportValve.invoke(ErrorReportValve.java:93)
		at org.apache.catalina.valves.AbstractAccessLogValve.invoke(AbstractAccessLogValve.java:660)
		at org.apache.catalina.core.StandardEngineValve.invoke(StandardEngineValve.java:74)
		at org.apache.catalina.connector.CoyoteAdapter.service(CoyoteAdapter.java:346)
		at org.apache.coyote.http11.Http11Processor.service(Http11Processor.java:383)
		at org.apache.coyote.AbstractProcessorLight.process(AbstractProcessorLight.java:63)
		at org.apache.coyote.AbstractProtocol$ConnectionHandler.process(AbstractProtocol.java:937)
		at org.apache.tomcat.util.net.NioEndpoint$SocketProcessor.doRun(NioEndpoint.java:1791)
		at org.apache.tomcat.util.net.SocketProcessorBase.run(SocketProcessorBase.java:52)
		at org.apache.tomcat.util.threads.ThreadPoolExecutor.runWorker(ThreadPoolExecutor.java:1190)
		at org.apache.tomcat.util.threads.ThreadPoolExecutor$Worker.run(ThreadPoolExecutor.java:659)
		at org.apache.tomcat.util.threads.TaskThread$WrappingRunnable.run(TaskThread.java:63)
		at java.lang.Thread.run(Thread.java:748)
27-Jan-2025 23:05:35.533 SEVERE [http-nio-8080-exec-42] db.DataSource.getConnection null
	java.sql.SQLException: The url cannot be null
		at java.sql.DriverManager.getConnection(DriverManager.java:649)
		at java.sql.DriverManager.getConnection(DriverManager.java:247)
		at db.DataSource.getConnection(DataSource.java:41)
		at db.DataSource.testConnection(DataSource.java:73)
		at db.DataSource.<init>(DataSource.java:16)
		at db.DataSource.<init>(DataSource.java:12)
		at db.DataSource$DataSourceHolder.<clinit>(DataSource.java:25)
		at db.DataSource.getInstance(DataSource.java:20)
		at com.edumentor.servlets.homeserv.processRequest(homeserv.java:29)
		at com.edumentor.servlets.homeserv.doGet(homeserv.java:47)
		at javax.servlet.http.HttpServlet.service(HttpServlet.java:529)
		at javax.servlet.http.HttpServlet.service(HttpServlet.java:623)
		at org.apache.catalina.core.ApplicationFilterChain.internalDoFilter(ApplicationFilterChain.java:199)
		at org.apache.catalina.core.ApplicationFilterChain.doFilter(ApplicationFilterChain.java:144)
		at org.apache.tomcat.websocket.server.WsFilter.doFilter(WsFilter.java:51)
		at org.apache.catalina.core.ApplicationFilterChain.internalDoFilter(ApplicationFilterChain.java:168)
		at org.apache.catalina.core.ApplicationFilterChain.doFilter(ApplicationFilterChain.java:144)
		at org.apache.catalina.core.StandardWrapperValve.invoke(StandardWrapperValve.java:168)
		at org.apache.catalina.core.StandardContextValve.invoke(StandardContextValve.java:90)
		at org.apache.catalina.authenticator.AuthenticatorBase.invoke(AuthenticatorBase.java:482)
		at org.apache.catalina.core.StandardHostValve.invoke(StandardHostValve.java:130)
		at org.apache.catalina.valves.ErrorReportValve.invoke(ErrorReportValve.java:93)
		at org.apache.catalina.valves.AbstractAccessLogValve.invoke(AbstractAccessLogValve.java:660)
		at org.apache.catalina.core.StandardEngineValve.invoke(StandardEngineValve.java:74)
		at org.apache.catalina.connector.CoyoteAdapter.service(CoyoteAdapter.java:346)
		at org.apache.coyote.http11.Http11Processor.service(Http11Processor.java:383)
		at org.apache.coyote.AbstractProcessorLight.process(AbstractProcessorLight.java:63)
		at org.apache.coyote.AbstractProtocol$ConnectionHandler.process(AbstractProtocol.java:937)
		at org.apache.tomcat.util.net.NioEndpoint$SocketProcessor.doRun(NioEndpoint.java:1791)
		at org.apache.tomcat.util.net.SocketProcessorBase.run(SocketProcessorBase.java:52)
		at org.apache.tomcat.util.threads.ThreadPoolExecutor.runWorker(ThreadPoolExecutor.java:1190)
		at org.apache.tomcat.util.threads.ThreadPoolExecutor$Worker.run(ThreadPoolExecutor.java:659)
		at org.apache.tomcat.util.threads.TaskThread$WrappingRunnable.run(TaskThread.java:63)
		at java.lang.Thread.run(Thread.java:748)
27-Jan-2025 23:05:35.533 SEVERE [http-nio-8080-exec-42] db.DataSource.getConnection null
	java.sql.SQLException: The url cannot be null
		at java.sql.DriverManager.getConnection(DriverManager.java:649)
		at java.sql.DriverManager.getConnection(DriverManager.java:247)
		at db.DataSource.getConnection(DataSource.java:41)
		at db.DataSource.testConnection(DataSource.java:73)
		at com.edumentor.servlets.homeserv.processRequest(homeserv.java:29)
		at com.edumentor.servlets.homeserv.doGet(homeserv.java:47)
		at javax.servlet.http.HttpServlet.service(HttpServlet.java:529)
		at javax.servlet.http.HttpServlet.service(HttpServlet.java:623)
		at org.apache.catalina.core.ApplicationFilterChain.internalDoFilter(ApplicationFilterChain.java:199)
		at org.apache.catalina.core.ApplicationFilterChain.doFilter(ApplicationFilterChain.java:144)
		at org.apache.tomcat.websocket.server.WsFilter.doFilter(WsFilter.java:51)
		at org.apache.catalina.core.ApplicationFilterChain.internalDoFilter(ApplicationFilterChain.java:168)
		at org.apache.catalina.core.ApplicationFilterChain.doFilter(ApplicationFilterChain.java:144)
		at org.apache.catalina.core.StandardWrapperValve.invoke(StandardWrapperValve.java:168)
		at org.apache.catalina.core.StandardContextValve.invoke(StandardContextValve.java:90)
		at org.apache.catalina.authenticator.AuthenticatorBase.invoke(AuthenticatorBase.java:482)
		at org.apache.catalina.core.StandardHostValve.invoke(StandardHostValve.java:130)
		at org.apache.catalina.valves.ErrorReportValve.invoke(ErrorReportValve.java:93)
		at org.apache.catalina.valves.AbstractAccessLogValve.invoke(AbstractAccessLogValve.java:660)
		at org.apache.catalina.core.StandardEngineValve.invoke(StandardEngineValve.java:74)
		at org.apache.catalina.connector.CoyoteAdapter.service(CoyoteAdapter.java:346)
		at org.apache.coyote.http11.Http11Processor.service(Http11Processor.java:383)
		at org.apache.coyote.AbstractProcessorLight.process(AbstractProcessorLight.java:63)
		at org.apache.coyote.AbstractProtocol$ConnectionHandler.process(AbstractProtocol.java:937)
		at org.apache.tomcat.util.net.NioEndpoint$SocketProcessor.doRun(NioEndpoint.java:1791)
		at org.apache.tomcat.util.net.SocketProcessorBase.run(SocketProcessorBase.java:52)
		at org.apache.tomcat.util.threads.ThreadPoolExecutor.runWorker(ThreadPoolExecutor.java:1190)
		at org.apache.tomcat.util.threads.ThreadPoolExecutor$Worker.run(ThreadPoolExecutor.java:659)
		at org.apache.tomcat.util.threads.TaskThread$WrappingRunnable.run(TaskThread.java:63)
		at java.lang.Thread.run(Thread.java:748)
27-Jan-2025 23:06:17.755 SEVERE [http-nio-8080-exec-45] db.DataSource.getConnection null
	java.sql.SQLException: The url cannot be null
		at java.sql.DriverManager.getConnection(DriverManager.java:649)
		at java.sql.DriverManager.getConnection(DriverManager.java:247)
		at db.DataSource.getConnection(DataSource.java:41)
		at db.DataSource.testConnection(DataSource.java:73)
		at com.edumentor.servlets.homeserv.processRequest(homeserv.java:29)
		at com.edumentor.servlets.homeserv.doGet(homeserv.java:47)
		at javax.servlet.http.HttpServlet.doHead(HttpServlet.java:186)
		at javax.servlet.http.HttpServlet.service(HttpServlet.java:552)
		at javax.servlet.http.HttpServlet.service(HttpServlet.java:623)
		at org.apache.catalina.core.ApplicationFilterChain.internalDoFilter(ApplicationFilterChain.java:199)
		at org.apache.catalina.core.ApplicationFilterChain.doFilter(ApplicationFilterChain.java:144)
		at org.apache.tomcat.websocket.server.WsFilter.doFilter(WsFilter.java:51)
		at org.apache.catalina.core.ApplicationFilterChain.internalDoFilter(ApplicationFilterChain.java:168)
		at org.apache.catalina.core.ApplicationFilterChain.doFilter(ApplicationFilterChain.java:144)
		at org.apache.catalina.core.StandardWrapperValve.invoke(StandardWrapperValve.java:168)
		at org.apache.catalina.core.StandardContextValve.invoke(StandardContextValve.java:90)
		at org.apache.catalina.authenticator.AuthenticatorBase.invoke(AuthenticatorBase.java:482)
		at org.apache.catalina.core.StandardHostValve.invoke(StandardHostValve.java:130)
		at org.apache.catalina.valves.ErrorReportValve.invoke(ErrorReportValve.java:93)
		at org.apache.catalina.valves.AbstractAccessLogValve.invoke(AbstractAccessLogValve.java:660)
		at org.apache.catalina.core.StandardEngineValve.invoke(StandardEngineValve.java:74)
		at org.apache.catalina.connector.CoyoteAdapter.service(CoyoteAdapter.java:346)
		at org.apache.coyote.http11.Http11Processor.service(Http11Processor.java:383)
		at org.apache.coyote.AbstractProcessorLight.process(AbstractProcessorLight.java:63)
		at org.apache.coyote.AbstractProtocol$ConnectionHandler.process(AbstractProtocol.java:937)
		at org.apache.tomcat.util.net.NioEndpoint$SocketProcessor.doRun(NioEndpoint.java:1791)
		at org.apache.tomcat.util.net.SocketProcessorBase.run(SocketProcessorBase.java:52)
		at org.apache.tomcat.util.threads.ThreadPoolExecutor.runWorker(ThreadPoolExecutor.java:1190)
		at org.apache.tomcat.util.threads.ThreadPoolExecutor$Worker.run(ThreadPoolExecutor.java:659)
		at org.apache.tomcat.util.threads.TaskThread$WrappingRunnable.run(TaskThread.java:63)
		at java.lang.Thread.run(Thread.java:748)
27-Jan-2025 23:06:17.759 SEVERE [http-nio-8080-exec-40] db.DataSource.getConnection null
	java.sql.SQLException: The url cannot be null
		at java.sql.DriverManager.getConnection(DriverManager.java:649)
		at java.sql.DriverManager.getConnection(DriverManager.java:247)
		at db.DataSource.getConnection(DataSource.java:41)
		at db.DataSource.testConnection(DataSource.java:73)
		at com.edumentor.servlets.homeserv.processRequest(homeserv.java:29)
		at com.edumentor.servlets.homeserv.doGet(homeserv.java:47)
		at javax.servlet.http.HttpServlet.doHead(HttpServlet.java:186)
		at javax.servlet.http.HttpServlet.service(HttpServlet.java:552)
		at javax.servlet.http.HttpServlet.service(HttpServlet.java:623)
		at org.apache.catalina.core.ApplicationFilterChain.internalDoFilter(ApplicationFilterChain.java:199)
		at org.apache.catalina.core.ApplicationFilterChain.doFilter(ApplicationFilterChain.java:144)
		at org.apache.tomcat.websocket.server.WsFilter.doFilter(WsFilter.java:51)
		at org.apache.catalina.core.ApplicationFilterChain.internalDoFilter(ApplicationFilterChain.java:168)
		at org.apache.catalina.core.ApplicationFilterChain.doFilter(ApplicationFilterChain.java:144)
		at org.apache.catalina.core.StandardWrapperValve.invoke(StandardWrapperValve.java:168)
		at org.apache.catalina.core.StandardContextValve.invoke(StandardContextValve.java:90)
		at org.apache.catalina.authenticator.AuthenticatorBase.invoke(AuthenticatorBase.java:482)
		at org.apache.catalina.core.StandardHostValve.invoke(StandardHostValve.java:130)
		at org.apache.catalina.valves.ErrorReportValve.invoke(ErrorReportValve.java:93)
		at org.apache.catalina.valves.AbstractAccessLogValve.invoke(AbstractAccessLogValve.java:660)
		at org.apache.catalina.core.StandardEngineValve.invoke(StandardEngineValve.java:74)
		at org.apache.catalina.connector.CoyoteAdapter.service(CoyoteAdapter.java:346)
		at org.apache.coyote.http11.Http11Processor.service(Http11Processor.java:383)
		at org.apache.coyote.AbstractProcessorLight.process(AbstractProcessorLight.java:63)
		at org.apache.coyote.AbstractProtocol$ConnectionHandler.process(AbstractProtocol.java:937)
		at org.apache.tomcat.util.net.NioEndpoint$SocketProcessor.doRun(NioEndpoint.java:1791)
		at org.apache.tomcat.util.net.SocketProcessorBase.run(SocketProcessorBase.java:52)
		at org.apache.tomcat.util.threads.ThreadPoolExecutor.runWorker(ThreadPoolExecutor.java:1190)
		at org.apache.tomcat.util.threads.ThreadPoolExecutor$Worker.run(ThreadPoolExecutor.java:659)
		at org.apache.tomcat.util.threads.TaskThread$WrappingRunnable.run(TaskThread.java:63)
		at java.lang.Thread.run(Thread.java:748)
27-Jan-2025 23:06:17.761 SEVERE [http-nio-8080-exec-38] db.DataSource.getConnection null
	java.sql.SQLException: The url cannot be null
		at java.sql.DriverManager.getConnection(DriverManager.java:649)
		at java.sql.DriverManager.getConnection(DriverManager.java:247)
		at db.DataSource.getConnection(DataSource.java:41)
		at db.DataSource.testConnection(DataSource.java:73)
		at com.edumentor.servlets.homeserv.processRequest(homeserv.java:29)
		at com.edumentor.servlets.homeserv.doGet(homeserv.java:47)
		at javax.servlet.http.HttpServlet.doHead(HttpServlet.java:186)
		at javax.servlet.http.HttpServlet.service(HttpServlet.java:552)
		at javax.servlet.http.HttpServlet.service(HttpServlet.java:623)
		at org.apache.catalina.core.ApplicationFilterChain.internalDoFilter(ApplicationFilterChain.java:199)
		at org.apache.catalina.core.ApplicationFilterChain.doFilter(ApplicationFilterChain.java:144)
		at org.apache.tomcat.websocket.server.WsFilter.doFilter(WsFilter.java:51)
		at org.apache.catalina.core.ApplicationFilterChain.internalDoFilter(ApplicationFilterChain.java:168)
		at org.apache.catalina.core.ApplicationFilterChain.doFilter(ApplicationFilterChain.java:144)
		at org.apache.catalina.core.StandardWrapperValve.invoke(StandardWrapperValve.java:168)
		at org.apache.catalina.core.StandardContextValve.invoke(StandardContextValve.java:90)
		at org.apache.catalina.authenticator.AuthenticatorBase.invoke(AuthenticatorBase.java:482)
		at org.apache.catalina.core.StandardHostValve.invoke(StandardHostValve.java:130)
		at org.apache.catalina.valves.ErrorReportValve.invoke(ErrorReportValve.java:93)
		at org.apache.catalina.valves.AbstractAccessLogValve.invoke(AbstractAccessLogValve.java:660)
		at org.apache.catalina.core.StandardEngineValve.invoke(StandardEngineValve.java:74)
		at org.apache.catalina.connector.CoyoteAdapter.service(CoyoteAdapter.java:346)
		at org.apache.coyote.http11.Http11Processor.service(Http11Processor.java:383)
		at org.apache.coyote.AbstractProcessorLight.process(AbstractProcessorLight.java:63)
		at org.apache.coyote.AbstractProtocol$ConnectionHandler.process(AbstractProtocol.java:937)
		at org.apache.tomcat.util.net.NioEndpoint$SocketProcessor.doRun(NioEndpoint.java:1791)
		at org.apache.tomcat.util.net.SocketProcessorBase.run(SocketProcessorBase.java:52)
		at org.apache.tomcat.util.threads.ThreadPoolExecutor.runWorker(ThreadPoolExecutor.java:1190)
		at org.apache.tomcat.util.threads.ThreadPoolExecutor$Worker.run(ThreadPoolExecutor.java:659)
		at org.apache.tomcat.util.threads.TaskThread$WrappingRunnable.run(TaskThread.java:63)
		at java.lang.Thread.run(Thread.java:748)
27-Jan-2025 23:06:17.777 INFO [http-nio-8080-exec-42] org.apache.catalina.core.StandardContext.reload Reloading Context with name [] has started
27-Jan-2025 23:06:17.906 INFO [http-nio-8080-exec-42] org.apache.jasper.servlet.TldScanner.scanJars At least one JAR was scanned for TLDs yet contained no TLDs. Enable debug logging for this logger for a complete list of JARs that were scanned but no TLDs were found in them. Skipping unneeded JARs during scanning can improve startup time and JSP compilation time.
27-Jan-2025 23:06:17.913 INFO [http-nio-8080-exec-42] org.apache.catalina.core.StandardContext.reload Reloading Context with name [] is completed
27-Jan-2025 23:06:18.014 INFO [http-nio-8080-exec-45] db.DataSource.testConnection Conectat cu succes la baza de date!
27-Jan-2025 23:06:18.014 INFO [http-nio-8080-exec-45] db.DataSource.testConnection Conectat cu succes la baza de date!
27-Jan-2025 23:06:18.707 INFO [http-nio-8080-exec-43] db.DataSource.testConnection Conectat cu succes la baza de date!
27-Jan-2025 23:06:18.710 INFO [http-nio-8080-exec-39] db.DataSource.testConnection Conectat cu succes la baza de date!
27-Jan-2025 23:06:18.719 INFO [http-nio-8080-exec-38] org.apache.catalina.core.StandardContext.reload Reloading Context with name [] has started
27-Jan-2025 23:06:18.723 WARNING [http-nio-8080-exec-38] org.apache.catalina.loader.WebappClassLoaderBase.clearReferencesJdbc The web application [ROOT] registered the JDBC driver [com.mysql.cj.jdbc.Driver] but failed to unregister it when the web application was stopped. To prevent a memory leak, the JDBC Driver has been forcibly unregistered.
27-Jan-2025 23:06:18.723 WARNING [http-nio-8080-exec-38] org.apache.catalina.loader.WebappClassLoaderBase.clearReferencesJdbc The web application [ROOT] registered the JDBC driver [com.mysql.jdbc.Driver] but failed to unregister it when the web application was stopped. To prevent a memory leak, the JDBC Driver has been forcibly unregistered.
27-Jan-2025 23:06:18.723 WARNING [http-nio-8080-exec-38] org.apache.catalina.loader.WebappClassLoaderBase.clearReferencesThreads The web application [ROOT] appears to have started a thread named [mysql-cj-abandoned-connection-cleanup] but has failed to stop it. This is very likely to create a memory leak. Stack trace of thread:
 java.lang.Object.wait(Native Method)
 java.lang.ref.ReferenceQueue.remove(ReferenceQueue.java:144)
 com.mysql.cj.jdbc.AbandonedConnectionCleanupThread.run(AbandonedConnectionCleanupThread.java:91)
 java.util.concurrent.ThreadPoolExecutor.runWorker(ThreadPoolExecutor.java:1149)
 java.util.concurrent.ThreadPoolExecutor$Worker.run(ThreadPoolExecutor.java:624)
 java.lang.Thread.run(Thread.java:748)
27-Jan-2025 23:06:18.852 INFO [http-nio-8080-exec-38] org.apache.jasper.servlet.TldScanner.scanJars At least one JAR was scanned for TLDs yet contained no TLDs. Enable debug logging for this logger for a complete list of JARs that were scanned but no TLDs were found in them. Skipping unneeded JARs during scanning can improve startup time and JSP compilation time.
27-Jan-2025 23:06:18.854 INFO [http-nio-8080-exec-38] org.apache.catalina.core.StandardContext.reload Reloading Context with name [] is completed
27-Jan-2025 23:06:18.948 INFO [http-nio-8080-exec-46] db.DataSource.testConnection Conectat cu succes la baza de date!
27-Jan-2025 23:06:18.948 INFO [http-nio-8080-exec-46] db.DataSource.testConnection Conectat cu succes la baza de date!
27-Jan-2025 23:06:22.921 INFO [mysql-cj-abandoned-connection-cleanup] org.apache.catalina.loader.WebappClassLoaderBase.checkStateForResourceLoading Illegal access: this web application instance has been stopped already. Could not load []. The following stack trace is thrown for debugging purposes as well as to attempt to terminate the thread which caused the illegal access.
	java.lang.IllegalStateException: Illegal access: this web application instance has been stopped already. Could not load []. The following stack trace is thrown for debugging purposes as well as to attempt to terminate the thread which caused the illegal access.
		at org.apache.catalina.loader.WebappClassLoaderBase.checkStateForResourceLoading(WebappClassLoaderBase.java:1328)
		at org.apache.catalina.loader.WebappClassLoaderBase.getResource(WebappClassLoaderBase.java:960)
		at com.mysql.cj.jdbc.AbandonedConnectionCleanupThread.checkThreadContextClassLoader(AbandonedConnectionCleanupThread.java:123)
		at com.mysql.cj.jdbc.AbandonedConnectionCleanupThread.run(AbandonedConnectionCleanupThread.java:90)
		at java.util.concurrent.ThreadPoolExecutor.runWorker(ThreadPoolExecutor.java:1149)
		at java.util.concurrent.ThreadPoolExecutor$Worker.run(ThreadPoolExecutor.java:624)
		at java.lang.Thread.run(Thread.java:748)
27-Jan-2025 23:06:24.308 INFO [http-nio-8080-exec-43] db.DataSource.testConnection Conectat cu succes la baza de date!
27-Jan-2025 23:06:24.309 INFO [http-nio-8080-exec-36] db.DataSource.testConnection Conectat cu succes la baza de date!
27-Jan-2025 23:06:24.327 WARNING [http-nio-8080-exec-45] org.apache.catalina.loader.WebappClassLoaderBase.clearReferencesJdbc The web application [ROOT] registered the JDBC driver [com.mysql.cj.jdbc.Driver] but failed to unregister it when the web application was stopped. To prevent a memory leak, the JDBC Driver has been forcibly unregistered.
27-Jan-2025 23:06:24.328 WARNING [http-nio-8080-exec-45] org.apache.catalina.loader.WebappClassLoaderBase.clearReferencesJdbc The web application [ROOT] registered the JDBC driver [com.mysql.jdbc.Driver] but failed to unregister it when the web application was stopped. To prevent a memory leak, the JDBC Driver has been forcibly unregistered.
27-Jan-2025 23:06:24.328 WARNING [http-nio-8080-exec-45] org.apache.catalina.loader.WebappClassLoaderBase.clearReferencesThreads The web application [ROOT] appears to have started a thread named [mysql-cj-abandoned-connection-cleanup] but has failed to stop it. This is very likely to create a memory leak. Stack trace of thread:
 java.lang.Object.wait(Native Method)
 java.lang.ref.ReferenceQueue.remove(ReferenceQueue.java:144)
 com.mysql.cj.jdbc.AbandonedConnectionCleanupThread.run(AbandonedConnectionCleanupThread.java:91)
 java.util.concurrent.ThreadPoolExecutor.runWorker(ThreadPoolExecutor.java:1149)
 java.util.concurrent.ThreadPoolExecutor$Worker.run(ThreadPoolExecutor.java:624)
 java.lang.Thread.run(Thread.java:748)
27-Jan-2025 23:06:24.829 INFO [http-nio-8080-exec-45] org.apache.catalina.startup.HostConfig.undeploy Undeploying context []
27-Jan-2025 23:06:27.604 INFO [http-nio-8080-exec-44] org.apache.catalina.startup.HostConfig.deployDescriptor Deploying deployment descriptor [/home/adrian/Documents/apache-tomcat-9.0.95/conf/Catalina/localhost/ROOT.xml]
27-Jan-2025 23:06:27.605 WARNING [http-nio-8080-exec-44] org.apache.catalina.startup.HostConfig.deployDescriptor The path attribute with value [] in deployment descriptor [/home/adrian/Documents/apache-tomcat-9.0.95/conf/Catalina/localhost/ROOT.xml] has been ignored
27-Jan-2025 23:06:27.725 INFO [http-nio-8080-exec-44] org.apache.jasper.servlet.TldScanner.scanJars At least one JAR was scanned for TLDs yet contained no TLDs. Enable debug logging for this logger for a complete list of JARs that were scanned but no TLDs were found in them. Skipping unneeded JARs during scanning can improve startup time and JSP compilation time.
27-Jan-2025 23:06:27.727 INFO [http-nio-8080-exec-44] org.apache.catalina.startup.HostConfig.deployDescriptor Deployment of deployment descriptor [/home/adrian/Documents/apache-tomcat-9.0.95/conf/Catalina/localhost/ROOT.xml] has finished in [123] ms
27-Jan-2025 23:06:27.733 INFO [http-nio-8080-exec-38] org.apache.catalina.util.LifecycleBase.start The start() method was called on component [StandardEngine[Catalina].StandardHost[localhost].StandardContext[]] after start() had already been called. The second call will be ignored.
27-Jan-2025 23:06:27.938 INFO [http-nio-8080-exec-36] db.DataSource.testConnection Conectat cu succes la baza de date!
27-Jan-2025 23:06:27.938 INFO [http-nio-8080-exec-36] db.DataSource.testConnection Conectat cu succes la baza de date!
27-Jan-2025 23:06:28.861 INFO [mysql-cj-abandoned-connection-cleanup] org.apache.catalina.loader.WebappClassLoaderBase.checkStateForResourceLoading Illegal access: this web application instance has been stopped already. Could not load []. The following stack trace is thrown for debugging purposes as well as to attempt to terminate the thread which caused the illegal access.
	java.lang.IllegalStateException: Illegal access: this web application instance has been stopped already. Could not load []. The following stack trace is thrown for debugging purposes as well as to attempt to terminate the thread which caused the illegal access.
		at org.apache.catalina.loader.WebappClassLoaderBase.checkStateForResourceLoading(WebappClassLoaderBase.java:1328)
		at org.apache.catalina.loader.WebappClassLoaderBase.getResource(WebappClassLoaderBase.java:960)
		at com.mysql.cj.jdbc.AbandonedConnectionCleanupThread.checkThreadContextClassLoader(AbandonedConnectionCleanupThread.java:123)
		at com.mysql.cj.jdbc.AbandonedConnectionCleanupThread.run(AbandonedConnectionCleanupThread.java:90)
		at java.util.concurrent.ThreadPoolExecutor.runWorker(ThreadPoolExecutor.java:1149)
		at java.util.concurrent.ThreadPoolExecutor$Worker.run(ThreadPoolExecutor.java:624)
		at java.lang.Thread.run(Thread.java:748)
27-Jan-2025 23:06:32.582 INFO [http-nio-8080-exec-48] db.DataSource.testConnection Conectat cu succes la baza de date!
27-Jan-2025 23:50:30.119 INFO [http-nio-8080-exec-50] db.DataSource.testConnection Conectat cu succes la baza de date!
27-Jan-2025 23:50:30.122 INFO [http-nio-8080-exec-53] db.DataSource.testConnection Conectat cu succes la baza de date!
27-Jan-2025 23:50:30.124 INFO [http-nio-8080-exec-57] db.DataSource.testConnection Conectat cu succes la baza de date!
27-Jan-2025 23:50:30.132 INFO [http-nio-8080-exec-56] org.apache.catalina.core.StandardContext.reload Reloading Context with name [] has started
27-Jan-2025 23:50:30.134 WARNING [http-nio-8080-exec-56] org.apache.catalina.loader.WebappClassLoaderBase.clearReferencesJdbc The web application [ROOT] registered the JDBC driver [com.mysql.cj.jdbc.Driver] but failed to unregister it when the web application was stopped. To prevent a memory leak, the JDBC Driver has been forcibly unregistered.
27-Jan-2025 23:50:30.134 WARNING [http-nio-8080-exec-56] org.apache.catalina.loader.WebappClassLoaderBase.clearReferencesJdbc The web application [ROOT] registered the JDBC driver [com.mysql.jdbc.Driver] but failed to unregister it when the web application was stopped. To prevent a memory leak, the JDBC Driver has been forcibly unregistered.
27-Jan-2025 23:50:30.134 WARNING [http-nio-8080-exec-56] org.apache.catalina.loader.WebappClassLoaderBase.clearReferencesThreads The web application [ROOT] appears to have started a thread named [mysql-cj-abandoned-connection-cleanup] but has failed to stop it. This is very likely to create a memory leak. Stack trace of thread:
 java.lang.Object.wait(Native Method)
 java.lang.ref.ReferenceQueue.remove(ReferenceQueue.java:144)
 com.mysql.cj.jdbc.AbandonedConnectionCleanupThread.run(AbandonedConnectionCleanupThread.java:91)
 java.util.concurrent.ThreadPoolExecutor.runWorker(ThreadPoolExecutor.java:1149)
 java.util.concurrent.ThreadPoolExecutor$Worker.run(ThreadPoolExecutor.java:624)
 java.lang.Thread.run(Thread.java:748)
27-Jan-2025 23:50:30.288 INFO [http-nio-8080-exec-56] org.apache.jasper.servlet.TldScanner.scanJars At least one JAR was scanned for TLDs yet contained no TLDs. Enable debug logging for this logger for a complete list of JARs that were scanned but no TLDs were found in them. Skipping unneeded JARs during scanning can improve startup time and JSP compilation time.
27-Jan-2025 23:50:30.290 INFO [http-nio-8080-exec-56] org.apache.catalina.core.StandardContext.reload Reloading Context with name [] is completed
27-Jan-2025 23:50:30.374 INFO [http-nio-8080-exec-58] db.DataSource.testConnection Conectat cu succes la baza de date!
27-Jan-2025 23:50:30.374 INFO [http-nio-8080-exec-58] db.DataSource.testConnection Conectat cu succes la baza de date!
27-Jan-2025 23:50:31.287 INFO [http-nio-8080-exec-52] db.DataSource.testConnection Conectat cu succes la baza de date!
27-Jan-2025 23:50:31.289 INFO [http-nio-8080-exec-54] db.DataSource.testConnection Conectat cu succes la baza de date!
27-Jan-2025 23:50:31.290 INFO [http-nio-8080-exec-55] db.DataSource.testConnection Conectat cu succes la baza de date!
27-Jan-2025 23:50:31.292 INFO [http-nio-8080-exec-54] db.DataSource.testConnection Conectat cu succes la baza de date!
27-Jan-2025 23:50:31.301 WARNING [http-nio-8080-exec-54] org.apache.catalina.loader.WebappClassLoaderBase.clearReferencesJdbc The web application [ROOT] registered the JDBC driver [com.mysql.cj.jdbc.Driver] but failed to unregister it when the web application was stopped. To prevent a memory leak, the JDBC Driver has been forcibly unregistered.
27-Jan-2025 23:50:31.302 WARNING [http-nio-8080-exec-54] org.apache.catalina.loader.WebappClassLoaderBase.clearReferencesJdbc The web application [ROOT] registered the JDBC driver [com.mysql.jdbc.Driver] but failed to unregister it when the web application was stopped. To prevent a memory leak, the JDBC Driver has been forcibly unregistered.
27-Jan-2025 23:50:31.302 WARNING [http-nio-8080-exec-54] org.apache.catalina.loader.WebappClassLoaderBase.clearReferencesThreads The web application [ROOT] appears to have started a thread named [mysql-cj-abandoned-connection-cleanup] but has failed to stop it. This is very likely to create a memory leak. Stack trace of thread:
 java.lang.Object.wait(Native Method)
 java.lang.ref.ReferenceQueue.remove(ReferenceQueue.java:144)
 com.mysql.cj.jdbc.AbandonedConnectionCleanupThread.run(AbandonedConnectionCleanupThread.java:91)
 java.util.concurrent.ThreadPoolExecutor.runWorker(ThreadPoolExecutor.java:1149)
 java.util.concurrent.ThreadPoolExecutor$Worker.run(ThreadPoolExecutor.java:624)
 java.lang.Thread.run(Thread.java:748)
27-Jan-2025 23:50:31.803 INFO [http-nio-8080-exec-54] org.apache.catalina.startup.HostConfig.undeploy Undeploying context []
27-Jan-2025 23:50:31.808 INFO [http-nio-8080-exec-52] org.apache.catalina.startup.HostConfig.deployDescriptor Deploying deployment descriptor [/home/adrian/Documents/apache-tomcat-9.0.95/conf/Catalina/localhost/ROOT.xml]
27-Jan-2025 23:50:31.809 WARNING [http-nio-8080-exec-52] org.apache.catalina.startup.HostConfig.deployDescriptor The path attribute with value [] in deployment descriptor [/home/adrian/Documents/apache-tomcat-9.0.95/conf/Catalina/localhost/ROOT.xml] has been ignored
27-Jan-2025 23:50:31.913 INFO [http-nio-8080-exec-52] org.apache.jasper.servlet.TldScanner.scanJars At least one JAR was scanned for TLDs yet contained no TLDs. Enable debug logging for this logger for a complete list of JARs that were scanned but no TLDs were found in them. Skipping unneeded JARs during scanning can improve startup time and JSP compilation time.
27-Jan-2025 23:50:31.915 INFO [http-nio-8080-exec-52] org.apache.catalina.startup.HostConfig.deployDescriptor Deployment of deployment descriptor [/home/adrian/Documents/apache-tomcat-9.0.95/conf/Catalina/localhost/ROOT.xml] has finished in [106] ms
27-Jan-2025 23:50:31.917 INFO [http-nio-8080-exec-55] org.apache.catalina.util.LifecycleBase.start The start() method was called on component [StandardEngine[Catalina].StandardHost[localhost].StandardContext[]] after start() had already been called. The second call will be ignored.
27-Jan-2025 23:50:32.091 INFO [http-nio-8080-exec-60] db.DataSource.testConnection Conectat cu succes la baza de date!
27-Jan-2025 23:50:32.091 INFO [http-nio-8080-exec-60] db.DataSource.testConnection Conectat cu succes la baza de date!
27-Jan-2025 23:50:32.923 INFO [mysql-cj-abandoned-connection-cleanup] org.apache.catalina.loader.WebappClassLoaderBase.checkStateForResourceLoading Illegal access: this web application instance has been stopped already. Could not load []. The following stack trace is thrown for debugging purposes as well as to attempt to terminate the thread which caused the illegal access.
	java.lang.IllegalStateException: Illegal access: this web application instance has been stopped already. Could not load []. The following stack trace is thrown for debugging purposes as well as to attempt to terminate the thread which caused the illegal access.
		at org.apache.catalina.loader.WebappClassLoaderBase.checkStateForResourceLoading(WebappClassLoaderBase.java:1328)
		at org.apache.catalina.loader.WebappClassLoaderBase.getResource(WebappClassLoaderBase.java:960)
		at com.mysql.cj.jdbc.AbandonedConnectionCleanupThread.checkThreadContextClassLoader(AbandonedConnectionCleanupThread.java:123)
		at com.mysql.cj.jdbc.AbandonedConnectionCleanupThread.run(AbandonedConnectionCleanupThread.java:90)
		at java.util.concurrent.ThreadPoolExecutor.runWorker(ThreadPoolExecutor.java:1149)
		at java.util.concurrent.ThreadPoolExecutor$Worker.run(ThreadPoolExecutor.java:624)
		at java.lang.Thread.run(Thread.java:748)
27-Jan-2025 23:50:35.295 INFO [mysql-cj-abandoned-connection-cleanup] org.apache.catalina.loader.WebappClassLoaderBase.checkStateForResourceLoading Illegal access: this web application instance has been stopped already. Could not load []. The following stack trace is thrown for debugging purposes as well as to attempt to terminate the thread which caused the illegal access.
	java.lang.IllegalStateException: Illegal access: this web application instance has been stopped already. Could not load []. The following stack trace is thrown for debugging purposes as well as to attempt to terminate the thread which caused the illegal access.
		at org.apache.catalina.loader.WebappClassLoaderBase.checkStateForResourceLoading(WebappClassLoaderBase.java:1328)
		at org.apache.catalina.loader.WebappClassLoaderBase.getResource(WebappClassLoaderBase.java:960)
		at com.mysql.cj.jdbc.AbandonedConnectionCleanupThread.checkThreadContextClassLoader(AbandonedConnectionCleanupThread.java:123)
		at com.mysql.cj.jdbc.AbandonedConnectionCleanupThread.run(AbandonedConnectionCleanupThread.java:90)
		at java.util.concurrent.ThreadPoolExecutor.runWorker(ThreadPoolExecutor.java:1149)
		at java.util.concurrent.ThreadPoolExecutor$Worker.run(ThreadPoolExecutor.java:624)
		at java.lang.Thread.run(Thread.java:748)
