21-Jan-2025 17:33:53.412 INFO [main] org.apache.catalina.startup.VersionLoggerListener.log Server version name:   Apache Tomcat/9.0.95
21-Jan-2025 17:33:53.413 INFO [main] org.apache.catalina.startup.VersionLoggerListener.log Server built:          Sep 13 2024 18:07:47 UTC
21-Jan-2025 17:33:53.413 INFO [main] org.apache.catalina.startup.VersionLoggerListener.log Server version number: 9.0.95.0
21-Jan-2025 17:33:53.413 INFO [main] org.apache.catalina.startup.VersionLoggerListener.log OS Name:               Linux
21-Jan-2025 17:33:53.413 INFO [main] org.apache.catalina.startup.VersionLoggerListener.log OS Version:            6.8.0-51-generic
21-Jan-2025 17:33:53.413 INFO [main] org.apache.catalina.startup.VersionLoggerListener.log Architecture:          amd64
21-Jan-2025 17:33:53.413 INFO [main] org.apache.catalina.startup.VersionLoggerListener.log Java Home:             /usr/lib/jvm/jdk1.8.0_281/jre
21-Jan-2025 17:33:53.413 INFO [main] org.apache.catalina.startup.VersionLoggerListener.log JVM Version:           1.8.0_281-b09
21-Jan-2025 17:33:53.413 INFO [main] org.apache.catalina.startup.VersionLoggerListener.log JVM Vendor:            Oracle Corporation
21-Jan-2025 17:33:53.414 INFO [main] org.apache.catalina.startup.VersionLoggerListener.log CATALINA_BASE:         /home/adrian/Documents/apache-tomcat-9.0.95
21-Jan-2025 17:33:53.414 INFO [main] org.apache.catalina.startup.VersionLoggerListener.log CATALINA_HOME:         /home/adrian/Documents/apache-tomcat-9.0.95
21-Jan-2025 17:33:53.414 INFO [main] org.apache.catalina.startup.VersionLoggerListener.log Command line argument: -Djava.util.logging.config.file=/home/adrian/Documents/apache-tomcat-9.0.95/conf/logging.properties
21-Jan-2025 17:33:53.414 INFO [main] org.apache.catalina.startup.VersionLoggerListener.log Command line argument: -Djava.util.logging.manager=org.apache.juli.ClassLoaderLogManager
21-Jan-2025 17:33:53.414 INFO [main] org.apache.catalina.startup.VersionLoggerListener.log Command line argument: -Dhttp.nonProxyHosts=localhost|127.0.0.1|adrian-System-Product-Name
21-Jan-2025 17:33:53.414 INFO [main] org.apache.catalina.startup.VersionLoggerListener.log Command line argument: -Djdk.tls.ephemeralDHKeySize=2048
21-Jan-2025 17:33:53.414 INFO [main] org.apache.catalina.startup.VersionLoggerListener.log Command line argument: -Djava.protocol.handler.pkgs=org.apache.catalina.webresources
21-Jan-2025 17:33:53.414 INFO [main] org.apache.catalina.startup.VersionLoggerListener.log Command line argument: -Dorg.apache.catalina.security.SecurityListener.UMASK=0027
21-Jan-2025 17:33:53.414 INFO [main] org.apache.catalina.startup.VersionLoggerListener.log Command line argument: -Dignore.endorsed.dirs=
21-Jan-2025 17:33:53.414 INFO [main] org.apache.catalina.startup.VersionLoggerListener.log Command line argument: -Dcatalina.base=/home/adrian/Documents/apache-tomcat-9.0.95
21-Jan-2025 17:33:53.414 INFO [main] org.apache.catalina.startup.VersionLoggerListener.log Command line argument: -Dcatalina.home=/home/adrian/Documents/apache-tomcat-9.0.95
21-Jan-2025 17:33:53.414 INFO [main] org.apache.catalina.startup.VersionLoggerListener.log Command line argument: -Djava.io.tmpdir=/home/adrian/Documents/apache-tomcat-9.0.95/temp
21-Jan-2025 17:33:53.415 INFO [main] org.apache.catalina.core.AprLifecycleListener.lifecycleEvent The Apache Tomcat Native library which allows using OpenSSL was not found on the java.library.path: [/usr/java/packages/lib/amd64:/usr/lib64:/lib64:/lib:/usr/lib]
21-Jan-2025 17:33:53.576 INFO [main] org.apache.coyote.AbstractProtocol.init Initializing ProtocolHandler ["http-nio-8080"]
21-Jan-2025 17:33:53.589 INFO [main] org.apache.catalina.startup.Catalina.load Server initialization in [268] milliseconds
21-Jan-2025 17:33:53.604 INFO [main] org.apache.catalina.core.StandardService.startInternal Starting service [Catalina]
21-Jan-2025 17:33:53.604 INFO [main] org.apache.catalina.core.StandardEngine.startInternal Starting Servlet engine: [Apache Tomcat/9.0.95]
21-Jan-2025 17:33:53.608 INFO [main] org.apache.catalina.startup.HostConfig.deployDescriptor Deploying deployment descriptor [/home/adrian/Documents/apache-tomcat-9.0.95/conf/Catalina/localhost/ROOT.xml]
21-Jan-2025 17:33:53.617 WARNING [main] org.apache.catalina.startup.HostConfig.deployDescriptor The path attribute with value [] in deployment descriptor [/home/adrian/Documents/apache-tomcat-9.0.95/conf/Catalina/localhost/ROOT.xml] has been ignored
21-Jan-2025 17:33:53.940 INFO [main] org.apache.jasper.servlet.TldScanner.scanJars At least one JAR was scanned for TLDs yet contained no TLDs. Enable debug logging for this logger for a complete list of JARs that were scanned but no TLDs were found in them. Skipping unneeded JARs during scanning can improve startup time and JSP compilation time.
21-Jan-2025 17:33:53.964 INFO [main] org.apache.catalina.startup.HostConfig.deployDescriptor Deployment of deployment descriptor [/home/adrian/Documents/apache-tomcat-9.0.95/conf/Catalina/localhost/ROOT.xml] has finished in [356] ms
21-Jan-2025 17:33:53.964 INFO [main] org.apache.catalina.startup.HostConfig.deployDirectory Deploying web application directory [/home/adrian/Documents/apache-tomcat-9.0.95/webapps/host-manager]
21-Jan-2025 17:33:53.978 INFO [main] org.apache.catalina.startup.HostConfig.deployDirectory Deployment of web application directory [/home/adrian/Documents/apache-tomcat-9.0.95/webapps/host-manager] has finished in [14] ms
21-Jan-2025 17:33:53.978 INFO [main] org.apache.catalina.startup.HostConfig.deployDirectory Deploying web application directory [/home/adrian/Documents/apache-tomcat-9.0.95/webapps/manager]
21-Jan-2025 17:33:53.988 INFO [main] org.apache.catalina.startup.HostConfig.deployDirectory Deployment of web application directory [/home/adrian/Documents/apache-tomcat-9.0.95/webapps/manager] has finished in [9] ms
21-Jan-2025 17:33:53.988 INFO [main] org.apache.catalina.startup.HostConfig.deployDirectory Deploying web application directory [/home/adrian/Documents/apache-tomcat-9.0.95/webapps/docs]
21-Jan-2025 17:33:53.995 INFO [main] org.apache.catalina.startup.HostConfig.deployDirectory Deployment of web application directory [/home/adrian/Documents/apache-tomcat-9.0.95/webapps/docs] has finished in [7] ms
21-Jan-2025 17:33:53.995 INFO [main] org.apache.catalina.startup.HostConfig.deployDirectory Deploying web application directory [/home/adrian/Documents/apache-tomcat-9.0.95/webapps/examples]
21-Jan-2025 17:33:54.079 INFO [main] org.apache.catalina.startup.HostConfig.deployDirectory Deployment of web application directory [/home/adrian/Documents/apache-tomcat-9.0.95/webapps/examples] has finished in [84] ms
21-Jan-2025 17:33:54.082 INFO [main] org.apache.coyote.AbstractProtocol.start Starting ProtocolHandler ["http-nio-8080"]
21-Jan-2025 17:33:54.087 INFO [main] org.apache.catalina.startup.Catalina.start Server startup in [498] milliseconds
21-Jan-2025 17:33:54.499 INFO [http-nio-8080-exec-1] db.DataSource.testConnection Conectat cu succes la baza de date!
21-Jan-2025 17:33:54.504 INFO [http-nio-8080-exec-1] db.DataSource.testConnection Conectat cu succes la baza de date!
21-Jan-2025 17:33:55.927 INFO [http-nio-8080-exec-7] db.DataSource.testConnection Conectat cu succes la baza de date!
21-Jan-2025 17:33:55.950 INFO [http-nio-8080-exec-10] db.DataSource.testConnection Conectat cu succes la baza de date!
21-Jan-2025 17:33:55.968 INFO [http-nio-8080-exec-3] org.apache.catalina.core.StandardWrapper.unload Waiting for [1] instance(s) to be deallocated for Servlet [homeserv]
21-Jan-2025 17:33:55.973 INFO [http-nio-8080-exec-1] db.DataSource.testConnection Conectat cu succes la baza de date!
21-Jan-2025 17:33:56.073 WARNING [http-nio-8080-exec-3] org.apache.catalina.loader.WebappClassLoaderBase.clearReferencesJdbc The web application [ROOT] registered the JDBC driver [com.mysql.cj.jdbc.Driver] but failed to unregister it when the web application was stopped. To prevent a memory leak, the JDBC Driver has been forcibly unregistered.
21-Jan-2025 17:33:56.073 WARNING [http-nio-8080-exec-3] org.apache.catalina.loader.WebappClassLoaderBase.clearReferencesJdbc The web application [ROOT] registered the JDBC driver [com.mysql.jdbc.Driver] but failed to unregister it when the web application was stopped. To prevent a memory leak, the JDBC Driver has been forcibly unregistered.
21-Jan-2025 17:33:56.073 WARNING [http-nio-8080-exec-3] org.apache.catalina.loader.WebappClassLoaderBase.clearReferencesThreads The web application [ROOT] appears to have started a thread named [mysql-cj-abandoned-connection-cleanup] but has failed to stop it. This is very likely to create a memory leak. Stack trace of thread:
 java.lang.Object.wait(Native Method)
 java.lang.ref.ReferenceQueue.remove(ReferenceQueue.java:144)
 com.mysql.cj.jdbc.AbandonedConnectionCleanupThread.run(AbandonedConnectionCleanupThread.java:91)
 java.util.concurrent.ThreadPoolExecutor.runWorker(ThreadPoolExecutor.java:1149)
 java.util.concurrent.ThreadPoolExecutor$Worker.run(ThreadPoolExecutor.java:624)
 java.lang.Thread.run(Thread.java:748)
21-Jan-2025 17:33:56.576 INFO [http-nio-8080-exec-3] org.apache.catalina.startup.HostConfig.undeploy Undeploying context []
21-Jan-2025 17:33:56.600 INFO [http-nio-8080-exec-9] org.apache.catalina.startup.HostConfig.deployDescriptor Deploying deployment descriptor [/home/adrian/Documents/apache-tomcat-9.0.95/conf/Catalina/localhost/ROOT.xml]
21-Jan-2025 17:33:56.601 WARNING [http-nio-8080-exec-9] org.apache.catalina.startup.HostConfig.deployDescriptor The path attribute with value [] in deployment descriptor [/home/adrian/Documents/apache-tomcat-9.0.95/conf/Catalina/localhost/ROOT.xml] has been ignored
21-Jan-2025 17:33:56.756 INFO [http-nio-8080-exec-9] org.apache.jasper.servlet.TldScanner.scanJars At least one JAR was scanned for TLDs yet contained no TLDs. Enable debug logging for this logger for a complete list of JARs that were scanned but no TLDs were found in them. Skipping unneeded JARs during scanning can improve startup time and JSP compilation time.
21-Jan-2025 17:33:56.759 INFO [http-nio-8080-exec-9] org.apache.catalina.startup.HostConfig.deployDescriptor Deployment of deployment descriptor [/home/adrian/Documents/apache-tomcat-9.0.95/conf/Catalina/localhost/ROOT.xml] has finished in [159] ms
21-Jan-2025 17:33:56.764 INFO [http-nio-8080-exec-7] org.apache.catalina.util.LifecycleBase.start The start() method was called on component [StandardEngine[Catalina].StandardHost[localhost].StandardContext[]] after start() had already been called. The second call will be ignored.
21-Jan-2025 17:33:57.071 INFO [http-nio-8080-exec-5] db.DataSource.testConnection Conectat cu succes la baza de date!
21-Jan-2025 17:33:57.074 INFO [http-nio-8080-exec-5] db.DataSource.testConnection Conectat cu succes la baza de date!
21-Jan-2025 17:33:57.312 INFO [mysql-cj-abandoned-connection-cleanup] org.apache.catalina.loader.WebappClassLoaderBase.checkStateForResourceLoading Illegal access: this web application instance has been stopped already. Could not load []. The following stack trace is thrown for debugging purposes as well as to attempt to terminate the thread which caused the illegal access.
	java.lang.IllegalStateException: Illegal access: this web application instance has been stopped already. Could not load []. The following stack trace is thrown for debugging purposes as well as to attempt to terminate the thread which caused the illegal access.
		at org.apache.catalina.loader.WebappClassLoaderBase.checkStateForResourceLoading(WebappClassLoaderBase.java:1328)
		at org.apache.catalina.loader.WebappClassLoaderBase.getResource(WebappClassLoaderBase.java:960)
		at com.mysql.cj.jdbc.AbandonedConnectionCleanupThread.checkThreadContextClassLoader(AbandonedConnectionCleanupThread.java:123)
		at com.mysql.cj.jdbc.AbandonedConnectionCleanupThread.run(AbandonedConnectionCleanupThread.java:90)
		at java.util.concurrent.ThreadPoolExecutor.runWorker(ThreadPoolExecutor.java:1149)
		at java.util.concurrent.ThreadPoolExecutor$Worker.run(ThreadPoolExecutor.java:624)
		at java.lang.Thread.run(Thread.java:748)
21-Jan-2025 17:33:57.313 INFO [mysql-cj-abandoned-connection-cleanup] org.apache.catalina.loader.WebappClassLoaderBase.checkStateForResourceLoading Illegal access: this web application instance has been stopped already. Could not load []. The following stack trace is thrown for debugging purposes as well as to attempt to terminate the thread which caused the illegal access.
	java.lang.IllegalStateException: Illegal access: this web application instance has been stopped already. Could not load []. The following stack trace is thrown for debugging purposes as well as to attempt to terminate the thread which caused the illegal access.
		at org.apache.catalina.loader.WebappClassLoaderBase.checkStateForResourceLoading(WebappClassLoaderBase.java:1328)
		at org.apache.catalina.loader.WebappClassLoaderBase.getResource(WebappClassLoaderBase.java:960)
		at com.mysql.cj.jdbc.AbandonedConnectionCleanupThread.checkThreadContextClassLoader(AbandonedConnectionCleanupThread.java:123)
		at com.mysql.cj.jdbc.AbandonedConnectionCleanupThread.run(AbandonedConnectionCleanupThread.java:90)
		at java.util.concurrent.ThreadPoolExecutor.runWorker(ThreadPoolExecutor.java:1149)
		at java.util.concurrent.ThreadPoolExecutor$Worker.run(ThreadPoolExecutor.java:624)
		at java.lang.Thread.run(Thread.java:748)
21-Jan-2025 17:33:57.313 INFO [mysql-cj-abandoned-connection-cleanup] org.apache.catalina.loader.WebappClassLoaderBase.checkStateForResourceLoading Illegal access: this web application instance has been stopped already. Could not load []. The following stack trace is thrown for debugging purposes as well as to attempt to terminate the thread which caused the illegal access.
	java.lang.IllegalStateException: Illegal access: this web application instance has been stopped already. Could not load []. The following stack trace is thrown for debugging purposes as well as to attempt to terminate the thread which caused the illegal access.
		at org.apache.catalina.loader.WebappClassLoaderBase.checkStateForResourceLoading(WebappClassLoaderBase.java:1328)
		at org.apache.catalina.loader.WebappClassLoaderBase.getResource(WebappClassLoaderBase.java:960)
		at com.mysql.cj.jdbc.AbandonedConnectionCleanupThread.checkThreadContextClassLoader(AbandonedConnectionCleanupThread.java:123)
		at com.mysql.cj.jdbc.AbandonedConnectionCleanupThread.run(AbandonedConnectionCleanupThread.java:90)
		at java.util.concurrent.ThreadPoolExecutor.runWorker(ThreadPoolExecutor.java:1149)
		at java.util.concurrent.ThreadPoolExecutor$Worker.run(ThreadPoolExecutor.java:624)
		at java.lang.Thread.run(Thread.java:748)
21-Jan-2025 17:33:57.313 INFO [mysql-cj-abandoned-connection-cleanup] org.apache.catalina.loader.WebappClassLoaderBase.checkStateForResourceLoading Illegal access: this web application instance has been stopped already. Could not load []. The following stack trace is thrown for debugging purposes as well as to attempt to terminate the thread which caused the illegal access.
	java.lang.IllegalStateException: Illegal access: this web application instance has been stopped already. Could not load []. The following stack trace is thrown for debugging purposes as well as to attempt to terminate the thread which caused the illegal access.
		at org.apache.catalina.loader.WebappClassLoaderBase.checkStateForResourceLoading(WebappClassLoaderBase.java:1328)
		at org.apache.catalina.loader.WebappClassLoaderBase.getResource(WebappClassLoaderBase.java:960)
		at com.mysql.cj.jdbc.AbandonedConnectionCleanupThread.checkThreadContextClassLoader(AbandonedConnectionCleanupThread.java:123)
		at com.mysql.cj.jdbc.AbandonedConnectionCleanupThread.run(AbandonedConnectionCleanupThread.java:90)
		at java.util.concurrent.ThreadPoolExecutor.runWorker(ThreadPoolExecutor.java:1149)
		at java.util.concurrent.ThreadPoolExecutor$Worker.run(ThreadPoolExecutor.java:624)
		at java.lang.Thread.run(Thread.java:748)
21-Jan-2025 17:33:57.313 INFO [mysql-cj-abandoned-connection-cleanup] org.apache.catalina.loader.WebappClassLoaderBase.checkStateForResourceLoading Illegal access: this web application instance has been stopped already. Could not load []. The following stack trace is thrown for debugging purposes as well as to attempt to terminate the thread which caused the illegal access.
	java.lang.IllegalStateException: Illegal access: this web application instance has been stopped already. Could not load []. The following stack trace is thrown for debugging purposes as well as to attempt to terminate the thread which caused the illegal access.
		at org.apache.catalina.loader.WebappClassLoaderBase.checkStateForResourceLoading(WebappClassLoaderBase.java:1328)
		at org.apache.catalina.loader.WebappClassLoaderBase.getResource(WebappClassLoaderBase.java:960)
		at com.mysql.cj.jdbc.AbandonedConnectionCleanupThread.checkThreadContextClassLoader(AbandonedConnectionCleanupThread.java:123)
		at com.mysql.cj.jdbc.AbandonedConnectionCleanupThread.run(AbandonedConnectionCleanupThread.java:90)
		at java.util.concurrent.ThreadPoolExecutor.runWorker(ThreadPoolExecutor.java:1149)
		at java.util.concurrent.ThreadPoolExecutor$Worker.run(ThreadPoolExecutor.java:624)
		at java.lang.Thread.run(Thread.java:748)
21-Jan-2025 17:33:57.313 INFO [mysql-cj-abandoned-connection-cleanup] org.apache.catalina.loader.WebappClassLoaderBase.checkStateForResourceLoading Illegal access: this web application instance has been stopped already. Could not load []. The following stack trace is thrown for debugging purposes as well as to attempt to terminate the thread which caused the illegal access.
	java.lang.IllegalStateException: Illegal access: this web application instance has been stopped already. Could not load []. The following stack trace is thrown for debugging purposes as well as to attempt to terminate the thread which caused the illegal access.
		at org.apache.catalina.loader.WebappClassLoaderBase.checkStateForResourceLoading(WebappClassLoaderBase.java:1328)
		at org.apache.catalina.loader.WebappClassLoaderBase.getResource(WebappClassLoaderBase.java:960)
		at com.mysql.cj.jdbc.AbandonedConnectionCleanupThread.checkThreadContextClassLoader(AbandonedConnectionCleanupThread.java:123)
		at com.mysql.cj.jdbc.AbandonedConnectionCleanupThread.run(AbandonedConnectionCleanupThread.java:90)
		at java.util.concurrent.ThreadPoolExecutor.runWorker(ThreadPoolExecutor.java:1149)
		at java.util.concurrent.ThreadPoolExecutor$Worker.run(ThreadPoolExecutor.java:624)
		at java.lang.Thread.run(Thread.java:748)
21-Jan-2025 17:33:57.313 INFO [mysql-cj-abandoned-connection-cleanup] org.apache.catalina.loader.WebappClassLoaderBase.checkStateForResourceLoading Illegal access: this web application instance has been stopped already. Could not load []. The following stack trace is thrown for debugging purposes as well as to attempt to terminate the thread which caused the illegal access.
	java.lang.IllegalStateException: Illegal access: this web application instance has been stopped already. Could not load []. The following stack trace is thrown for debugging purposes as well as to attempt to terminate the thread which caused the illegal access.
		at org.apache.catalina.loader.WebappClassLoaderBase.checkStateForResourceLoading(WebappClassLoaderBase.java:1328)
		at org.apache.catalina.loader.WebappClassLoaderBase.getResource(WebappClassLoaderBase.java:960)
		at com.mysql.cj.jdbc.AbandonedConnectionCleanupThread.checkThreadContextClassLoader(AbandonedConnectionCleanupThread.java:123)
		at com.mysql.cj.jdbc.AbandonedConnectionCleanupThread.run(AbandonedConnectionCleanupThread.java:90)
		at java.util.concurrent.ThreadPoolExecutor.runWorker(ThreadPoolExecutor.java:1149)
		at java.util.concurrent.ThreadPoolExecutor$Worker.run(ThreadPoolExecutor.java:624)
		at java.lang.Thread.run(Thread.java:748)
21-Jan-2025 17:33:57.699 INFO [http-nio-8080-exec-2] db.DataSource.testConnection Conectat cu succes la baza de date!
21-Jan-2025 17:33:57.949 INFO [http-nio-8080-exec-8] db.DataSource.testConnection Conectat cu succes la baza de date!
21-Jan-2025 17:33:59.863 INFO [http-nio-8080-exec-1] db.DataSource.testConnection Conectat cu succes la baza de date!
21-Jan-2025 17:34:02.353 INFO [http-nio-8080-exec-6] db.DataSource.testConnection Conectat cu succes la baza de date!
21-Jan-2025 17:34:10.758 INFO [http-nio-8080-exec-2] db.DataSource.testConnection Conectat cu succes la baza de date!
21-Jan-2025 17:36:23.521 INFO [http-nio-8080-exec-11] db.DataSource.testConnection Conectat cu succes la baza de date!
21-Jan-2025 17:36:23.540 INFO [http-nio-8080-exec-13] db.DataSource.testConnection Conectat cu succes la baza de date!
21-Jan-2025 17:36:23.559 INFO [http-nio-8080-exec-18] db.DataSource.testConnection Conectat cu succes la baza de date!
21-Jan-2025 17:36:23.596 INFO [http-nio-8080-exec-15] db.DataSource.testConnection Conectat cu succes la baza de date!
21-Jan-2025 17:36:24.286 INFO [http-nio-8080-exec-17] db.DataSource.testConnection Conectat cu succes la baza de date!
21-Jan-2025 17:36:24.310 INFO [http-nio-8080-exec-11] db.DataSource.testConnection Conectat cu succes la baza de date!
21-Jan-2025 17:36:24.347 INFO [http-nio-8080-exec-18] db.DataSource.testConnection Conectat cu succes la baza de date!
21-Jan-2025 17:36:26.849 INFO [http-nio-8080-exec-15] db.DataSource.testConnection Conectat cu succes la baza de date!
21-Jan-2025 17:36:27.439 INFO [http-nio-8080-exec-16] db.DataSource.testConnection Conectat cu succes la baza de date!
21-Jan-2025 17:36:27.621 INFO [http-nio-8080-exec-19] db.DataSource.testConnection Conectat cu succes la baza de date!
21-Jan-2025 17:36:31.476 INFO [http-nio-8080-exec-11] db.DataSource.testConnection Conectat cu succes la baza de date!
21-Jan-2025 17:36:31.492 INFO [http-nio-8080-exec-13] db.DataSource.testConnection Conectat cu succes la baza de date!
21-Jan-2025 17:36:31.510 WARNING [http-nio-8080-exec-12] org.apache.catalina.loader.WebappClassLoaderBase.clearReferencesJdbc The web application [ROOT] registered the JDBC driver [com.mysql.cj.jdbc.Driver] but failed to unregister it when the web application was stopped. To prevent a memory leak, the JDBC Driver has been forcibly unregistered.
21-Jan-2025 17:36:31.510 WARNING [http-nio-8080-exec-12] org.apache.catalina.loader.WebappClassLoaderBase.clearReferencesJdbc The web application [ROOT] registered the JDBC driver [com.mysql.jdbc.Driver] but failed to unregister it when the web application was stopped. To prevent a memory leak, the JDBC Driver has been forcibly unregistered.
21-Jan-2025 17:36:31.511 WARNING [http-nio-8080-exec-12] org.apache.catalina.loader.WebappClassLoaderBase.clearReferencesThreads The web application [ROOT] appears to have started a thread named [mysql-cj-abandoned-connection-cleanup] but has failed to stop it. This is very likely to create a memory leak. Stack trace of thread:
 java.lang.Object.wait(Native Method)
 java.lang.ref.ReferenceQueue.remove(ReferenceQueue.java:144)
 com.mysql.cj.jdbc.AbandonedConnectionCleanupThread.run(AbandonedConnectionCleanupThread.java:91)
 java.util.concurrent.ThreadPoolExecutor.runWorker(ThreadPoolExecutor.java:1149)
 java.util.concurrent.ThreadPoolExecutor$Worker.run(ThreadPoolExecutor.java:624)
 java.lang.Thread.run(Thread.java:748)
21-Jan-2025 17:36:32.012 INFO [http-nio-8080-exec-12] org.apache.catalina.startup.HostConfig.undeploy Undeploying context []
21-Jan-2025 17:36:32.317 INFO [mysql-cj-abandoned-connection-cleanup] org.apache.catalina.loader.WebappClassLoaderBase.checkStateForResourceLoading Illegal access: this web application instance has been stopped already. Could not load []. The following stack trace is thrown for debugging purposes as well as to attempt to terminate the thread which caused the illegal access.
	java.lang.IllegalStateException: Illegal access: this web application instance has been stopped already. Could not load []. The following stack trace is thrown for debugging purposes as well as to attempt to terminate the thread which caused the illegal access.
		at org.apache.catalina.loader.WebappClassLoaderBase.checkStateForResourceLoading(WebappClassLoaderBase.java:1328)
		at org.apache.catalina.loader.WebappClassLoaderBase.getResource(WebappClassLoaderBase.java:960)
		at com.mysql.cj.jdbc.AbandonedConnectionCleanupThread.checkThreadContextClassLoader(AbandonedConnectionCleanupThread.java:123)
		at com.mysql.cj.jdbc.AbandonedConnectionCleanupThread.run(AbandonedConnectionCleanupThread.java:90)
		at java.util.concurrent.ThreadPoolExecutor.runWorker(ThreadPoolExecutor.java:1149)
		at java.util.concurrent.ThreadPoolExecutor$Worker.run(ThreadPoolExecutor.java:624)
		at java.lang.Thread.run(Thread.java:748)
21-Jan-2025 17:36:34.140 INFO [http-nio-8080-exec-18] org.apache.catalina.startup.HostConfig.deployDescriptor Deploying deployment descriptor [/home/adrian/Documents/apache-tomcat-9.0.95/conf/Catalina/localhost/ROOT.xml]
21-Jan-2025 17:36:34.140 WARNING [http-nio-8080-exec-18] org.apache.catalina.startup.HostConfig.deployDescriptor The path attribute with value [] in deployment descriptor [/home/adrian/Documents/apache-tomcat-9.0.95/conf/Catalina/localhost/ROOT.xml] has been ignored
21-Jan-2025 17:36:34.349 INFO [http-nio-8080-exec-18] org.apache.jasper.servlet.TldScanner.scanJars At least one JAR was scanned for TLDs yet contained no TLDs. Enable debug logging for this logger for a complete list of JARs that were scanned but no TLDs were found in them. Skipping unneeded JARs during scanning can improve startup time and JSP compilation time.
21-Jan-2025 17:36:34.353 INFO [http-nio-8080-exec-18] org.apache.catalina.startup.HostConfig.deployDescriptor Deployment of deployment descriptor [/home/adrian/Documents/apache-tomcat-9.0.95/conf/Catalina/localhost/ROOT.xml] has finished in [214] ms
21-Jan-2025 17:36:34.360 INFO [http-nio-8080-exec-17] org.apache.catalina.util.LifecycleBase.start The start() method was called on component [StandardEngine[Catalina].StandardHost[localhost].StandardContext[]] after start() had already been called. The second call will be ignored.
21-Jan-2025 17:36:34.719 INFO [http-nio-8080-exec-11] db.DataSource.testConnection Conectat cu succes la baza de date!
21-Jan-2025 17:36:34.723 INFO [http-nio-8080-exec-11] db.DataSource.testConnection Conectat cu succes la baza de date!
21-Jan-2025 17:36:34.933 INFO [http-nio-8080-exec-13] db.DataSource.testConnection Conectat cu succes la baza de date!
21-Jan-2025 17:36:35.028 INFO [http-nio-8080-exec-15] db.DataSource.testConnection Conectat cu succes la baza de date!
21-Jan-2025 17:36:36.442 INFO [http-nio-8080-exec-22] db.DataSource.testConnection Conectat cu succes la baza de date!
21-Jan-2025 17:36:38.269 INFO [http-nio-8080-exec-19] db.DataSource.testConnection Conectat cu succes la baza de date!
21-Jan-2025 17:36:42.046 INFO [http-nio-8080-exec-13] db.DataSource.testConnection Conectat cu succes la baza de date!
21-Jan-2025 17:36:55.851 INFO [http-nio-8080-exec-22] db.DataSource.testConnection Conectat cu succes la baza de date!
21-Jan-2025 17:36:55.869 INFO [http-nio-8080-exec-19] db.DataSource.testConnection Conectat cu succes la baza de date!
21-Jan-2025 17:36:55.889 INFO [http-nio-8080-exec-15] db.DataSource.testConnection Conectat cu succes la baza de date!
21-Jan-2025 17:36:55.912 INFO [http-nio-8080-exec-19] db.DataSource.testConnection Conectat cu succes la baza de date!
21-Jan-2025 17:36:56.230 INFO [http-nio-8080-exec-15] db.DataSource.testConnection Conectat cu succes la baza de date!
21-Jan-2025 17:36:56.243 INFO [http-nio-8080-exec-24] db.DataSource.testConnection Conectat cu succes la baza de date!
21-Jan-2025 17:36:56.259 INFO [http-nio-8080-exec-23] db.DataSource.testConnection Conectat cu succes la baza de date!
21-Jan-2025 17:36:56.816 INFO [http-nio-8080-exec-19] db.DataSource.testConnection Conectat cu succes la baza de date!
21-Jan-2025 17:36:57.260 INFO [http-nio-8080-exec-25] db.DataSource.testConnection Conectat cu succes la baza de date!
21-Jan-2025 17:36:57.438 INFO [http-nio-8080-exec-21] db.DataSource.testConnection Conectat cu succes la baza de date!
21-Jan-2025 17:36:57.630 INFO [http-nio-8080-exec-26] db.DataSource.testConnection Conectat cu succes la baza de date!
21-Jan-2025 19:20:32.318 INFO [Thread-2] org.apache.coyote.AbstractProtocol.pause Pausing ProtocolHandler ["http-nio-8080"]
21-Jan-2025 19:20:32.319 INFO [Thread-2] org.apache.catalina.core.StandardService.stopInternal Stopping service [Catalina]
21-Jan-2025 19:20:32.322 WARNING [Thread-2] org.apache.catalina.loader.WebappClassLoaderBase.clearReferencesJdbc The web application [ROOT] registered the JDBC driver [com.mysql.cj.jdbc.Driver] but failed to unregister it when the web application was stopped. To prevent a memory leak, the JDBC Driver has been forcibly unregistered.
21-Jan-2025 19:20:32.322 WARNING [Thread-2] org.apache.catalina.loader.WebappClassLoaderBase.clearReferencesJdbc The web application [ROOT] registered the JDBC driver [com.mysql.jdbc.Driver] but failed to unregister it when the web application was stopped. To prevent a memory leak, the JDBC Driver has been forcibly unregistered.
21-Jan-2025 19:20:32.322 WARNING [Thread-2] org.apache.catalina.loader.WebappClassLoaderBase.clearReferencesThreads The web application [ROOT] appears to have started a thread named [mysql-cj-abandoned-connection-cleanup] but has failed to stop it. This is very likely to create a memory leak. Stack trace of thread:
 java.lang.Object.wait(Native Method)
 java.lang.ref.ReferenceQueue.remove(ReferenceQueue.java:144)
 com.mysql.cj.jdbc.AbandonedConnectionCleanupThread.run(AbandonedConnectionCleanupThread.java:91)
 java.util.concurrent.ThreadPoolExecutor.runWorker(ThreadPoolExecutor.java:1149)
 java.util.concurrent.ThreadPoolExecutor$Worker.run(ThreadPoolExecutor.java:624)
 java.lang.Thread.run(Thread.java:748)
21-Jan-2025 19:20:32.327 INFO [Thread-2] org.apache.coyote.AbstractProtocol.stop Stopping ProtocolHandler ["http-nio-8080"]
21-Jan-2025 19:20:32.329 INFO [Thread-2] org.apache.coyote.AbstractProtocol.destroy Destroying ProtocolHandler ["http-nio-8080"]
