04-Feb-2025 16:03:28.836 INFO [main] org.apache.catalina.core.ApplicationContext.log ContextListener: contextInitialized()
04-Feb-2025 16:03:28.836 INFO [main] org.apache.catalina.core.ApplicationContext.log SessionListener: contextInitialized()
04-Feb-2025 16:03:28.837 INFO [main] org.apache.catalina.core.ApplicationContext.log ContextListener: attributeAdded('StockTicker', 'async.Stockticker@747edf66')
04-Feb-2025 16:33:57.973 INFO [main] org.apache.catalina.core.ApplicationContext.log SessionListener: contextDestroyed()
04-Feb-2025 16:33:57.973 INFO [main] org.apache.catalina.core.ApplicationContext.log ContextListener: contextDestroyed()
04-Feb-2025 17:53:31.405 INFO [main] org.apache.catalina.core.ApplicationContext.log ContextListener: contextInitialized()
04-Feb-2025 17:53:31.405 INFO [main] org.apache.catalina.core.ApplicationContext.log SessionListener: contextInitialized()
04-Feb-2025 17:53:31.406 INFO [main] org.apache.catalina.core.ApplicationContext.log ContextListener: attributeAdded('StockTicker', 'async.Stockticker@5f84abe8')
04-Feb-2025 17:54:38.002 INFO [main] org.apache.catalina.core.ApplicationContext.log SessionListener: contextDestroyed()
04-Feb-2025 17:54:38.003 INFO [main] org.apache.catalina.core.ApplicationContext.log ContextListener: contextDestroyed()
04-Feb-2025 17:54:41.734 INFO [main] org.apache.catalina.core.ApplicationContext.log ContextListener: contextInitialized()
04-Feb-2025 17:54:41.734 INFO [main] org.apache.catalina.core.ApplicationContext.log SessionListener: contextInitialized()
04-Feb-2025 17:54:41.735 INFO [main] org.apache.catalina.core.ApplicationContext.log ContextListener: attributeAdded('StockTicker', 'async.Stockticker@5f84abe8')
04-Feb-2025 17:56:13.926 INFO [main] org.apache.catalina.core.ApplicationContext.log SessionListener: contextDestroyed()
04-Feb-2025 17:56:13.926 INFO [main] org.apache.catalina.core.ApplicationContext.log ContextListener: contextDestroyed()
04-Feb-2025 17:56:17.806 INFO [main] org.apache.catalina.core.ApplicationContext.log ContextListener: contextInitialized()
04-Feb-2025 17:56:17.806 INFO [main] org.apache.catalina.core.ApplicationContext.log SessionListener: contextInitialized()
04-Feb-2025 17:56:17.806 INFO [main] org.apache.catalina.core.ApplicationContext.log ContextListener: attributeAdded('StockTicker', 'async.Stockticker@de7e193')
04-Feb-2025 19:48:21.576 INFO [main] org.apache.catalina.core.ApplicationContext.log SessionListener: contextDestroyed()
04-Feb-2025 19:48:21.576 INFO [main] org.apache.catalina.core.ApplicationContext.log ContextListener: contextDestroyed()
