13-Dec-2024 17:09:24.760 INFO [http-nio-8080-exec-4] org.apache.catalina.core.ApplicationContext.log Manager: init: Associated with Deployer 'Catalina:type=Deployer,host=localhost'
13-Dec-2024 17:09:24.761 INFO [http-nio-8080-exec-4] org.apache.catalina.core.ApplicationContext.log Manager: init: Global resources are available
13-Dec-2024 17:09:24.834 INFO [http-nio-8080-exec-2] org.apache.catalina.core.ApplicationContext.log Manager: list: Listing contexts for virtual host 'localhost'
13-Dec-2024 17:09:24.839 INFO [http-nio-8080-exec-4] org.apache.catalina.core.ApplicationContext.log Manager: list: Listing contexts for virtual host 'localhost'
13-Dec-2024 17:09:24.850 INFO [http-nio-8080-exec-9] org.apache.catalina.core.ApplicationContext.log Manager: undeploy: Undeploying web application at '/'
13-Dec-2024 17:09:25.490 INFO [http-nio-8080-exec-4] org.apache.catalina.core.ApplicationContext.log Manager: install: Installing context configuration at 'file:/tmp/context3543142391693656608.xml'
13-Dec-2024 17:09:25.666 INFO [http-nio-8080-exec-3] org.apache.catalina.core.ApplicationContext.log Manager: start: Starting web application '/'
13-Dec-2024 17:21:46.476 INFO [http-nio-8080-exec-14] org.apache.catalina.core.ApplicationContext.log Manager: list: Listing contexts for virtual host 'localhost'
13-Dec-2024 17:21:47.239 INFO [http-nio-8080-exec-17] org.apache.catalina.core.ApplicationContext.log Manager: list: Listing contexts for virtual host 'localhost'
13-Dec-2024 17:24:39.660 INFO [http-nio-8080-exec-11] org.apache.catalina.core.ApplicationContext.log Manager: list: Listing contexts for virtual host 'localhost'
13-Dec-2024 17:24:39.666 INFO [http-nio-8080-exec-14] org.apache.catalina.core.ApplicationContext.log Manager: undeploy: Undeploying web application at '/'
13-Dec-2024 17:24:39.774 INFO [http-nio-8080-exec-15] org.apache.catalina.core.ApplicationContext.log Manager: list: Listing contexts for virtual host 'localhost'
13-Dec-2024 17:24:40.084 INFO [http-nio-8080-exec-18] org.apache.catalina.core.ApplicationContext.log Manager: list: Listing contexts for virtual host 'localhost'
13-Dec-2024 17:24:44.082 INFO [http-nio-8080-exec-16] org.apache.catalina.core.ApplicationContext.log Manager: list: Listing contexts for virtual host 'localhost'
13-Dec-2024 17:24:44.087 INFO [http-nio-8080-exec-22] org.apache.catalina.core.ApplicationContext.log Manager: list: Listing contexts for virtual host 'localhost'
13-Dec-2024 17:24:44.097 INFO [http-nio-8080-exec-21] org.apache.catalina.core.ApplicationContext.log Manager: install: Installing context configuration at 'file:/tmp/context1796022713194178155.xml'
13-Dec-2024 17:24:44.361 INFO [http-nio-8080-exec-17] org.apache.catalina.core.ApplicationContext.log Manager: start: Starting web application '/'
13-Dec-2024 17:29:54.852 INFO [http-nio-8080-exec-30] org.apache.catalina.core.ApplicationContext.log Manager: list: Listing contexts for virtual host 'localhost'
13-Dec-2024 17:29:54.864 INFO [http-nio-8080-exec-23] org.apache.catalina.core.ApplicationContext.log Manager: undeploy: Undeploying web application at '/'
13-Dec-2024 17:29:54.983 INFO [http-nio-8080-exec-30] org.apache.catalina.core.ApplicationContext.log Manager: list: Listing contexts for virtual host 'localhost'
13-Dec-2024 17:29:55.305 INFO [http-nio-8080-exec-25] org.apache.catalina.core.ApplicationContext.log Manager: list: Listing contexts for virtual host 'localhost'
13-Dec-2024 17:29:59.188 INFO [http-nio-8080-exec-30] org.apache.catalina.core.ApplicationContext.log Manager: list: Listing contexts for virtual host 'localhost'
13-Dec-2024 17:29:59.190 INFO [http-nio-8080-exec-28] org.apache.catalina.core.ApplicationContext.log Manager: list: Listing contexts for virtual host 'localhost'
13-Dec-2024 17:29:59.200 INFO [http-nio-8080-exec-25] org.apache.catalina.core.ApplicationContext.log Manager: install: Installing context configuration at 'file:/tmp/context8146276662610093238.xml'
13-Dec-2024 17:29:59.353 INFO [http-nio-8080-exec-31] org.apache.catalina.core.ApplicationContext.log Manager: start: Starting web application '/'
13-Dec-2024 17:34:16.842 INFO [http-nio-8080-exec-33] org.apache.catalina.core.ApplicationContext.log Manager: list: Listing contexts for virtual host 'localhost'
13-Dec-2024 17:34:17.214 INFO [http-nio-8080-exec-38] org.apache.catalina.core.ApplicationContext.log Manager: list: Listing contexts for virtual host 'localhost'
13-Dec-2024 17:34:29.210 INFO [http-nio-8080-exec-37] org.apache.catalina.core.ApplicationContext.log Manager: list: Listing contexts for virtual host 'localhost'
13-Dec-2024 17:34:29.596 INFO [http-nio-8080-exec-31] org.apache.catalina.core.ApplicationContext.log Manager: list: Listing contexts for virtual host 'localhost'
13-Dec-2024 17:35:35.521 INFO [http-nio-8080-exec-40] org.apache.catalina.core.ApplicationContext.log Manager: list: Listing contexts for virtual host 'localhost'
13-Dec-2024 17:35:35.899 INFO [http-nio-8080-exec-33] org.apache.catalina.core.ApplicationContext.log Manager: list: Listing contexts for virtual host 'localhost'
13-Dec-2024 17:38:53.446 INFO [http-nio-8080-exec-40] org.apache.catalina.core.ApplicationContext.log Manager: list: Listing contexts for virtual host 'localhost'
13-Dec-2024 17:38:53.465 INFO [http-nio-8080-exec-36] org.apache.catalina.core.ApplicationContext.log Manager: undeploy: Undeploying web application at '/'
13-Dec-2024 17:38:53.576 INFO [http-nio-8080-exec-39] org.apache.catalina.core.ApplicationContext.log Manager: list: Listing contexts for virtual host 'localhost'
13-Dec-2024 17:38:53.887 INFO [http-nio-8080-exec-38] org.apache.catalina.core.ApplicationContext.log Manager: list: Listing contexts for virtual host 'localhost'
13-Dec-2024 17:38:57.534 INFO [http-nio-8080-exec-40] org.apache.catalina.core.ApplicationContext.log Manager: list: Listing contexts for virtual host 'localhost'
13-Dec-2024 17:38:57.536 INFO [http-nio-8080-exec-42] org.apache.catalina.core.ApplicationContext.log Manager: list: Listing contexts for virtual host 'localhost'
13-Dec-2024 17:38:57.541 INFO [http-nio-8080-exec-41] org.apache.catalina.core.ApplicationContext.log Manager: install: Installing context configuration at 'file:/tmp/context384532326750580100.xml'
13-Dec-2024 17:38:57.690 INFO [http-nio-8080-exec-39] org.apache.catalina.core.ApplicationContext.log Manager: start: Starting web application '/'
13-Dec-2024 17:41:00.679 INFO [http-nio-8080-exec-41] org.apache.catalina.core.ApplicationContext.log Manager: list: Listing contexts for virtual host 'localhost'
13-Dec-2024 17:41:01.039 INFO [http-nio-8080-exec-36] org.apache.catalina.core.ApplicationContext.log Manager: list: Listing contexts for virtual host 'localhost'
13-Dec-2024 17:42:13.673 INFO [http-nio-8080-exec-41] org.apache.catalina.core.ApplicationContext.log Manager: list: Listing contexts for virtual host 'localhost'
13-Dec-2024 17:42:14.031 INFO [http-nio-8080-exec-42] org.apache.catalina.core.ApplicationContext.log Manager: list: Listing contexts for virtual host 'localhost'
13-Dec-2024 17:44:26.878 INFO [http-nio-8080-exec-41] org.apache.catalina.core.ApplicationContext.log Manager: list: Listing contexts for virtual host 'localhost'
13-Dec-2024 17:44:27.231 INFO [http-nio-8080-exec-49] org.apache.catalina.core.ApplicationContext.log Manager: list: Listing contexts for virtual host 'localhost'
13-Dec-2024 17:48:55.587 INFO [http-nio-8080-exec-45] org.apache.catalina.core.ApplicationContext.log Manager: list: Listing contexts for virtual host 'localhost'
13-Dec-2024 17:48:55.622 INFO [http-nio-8080-exec-48] org.apache.catalina.core.ApplicationContext.log Manager: restart: Reloading web application '/'
13-Dec-2024 17:48:56.693 INFO [http-nio-8080-exec-47] org.apache.catalina.core.ApplicationContext.log Manager: list: Listing contexts for virtual host 'localhost'
13-Dec-2024 17:48:56.722 INFO [http-nio-8080-exec-44] org.apache.catalina.core.ApplicationContext.log Manager: restart: Reloading web application '/'
13-Dec-2024 17:50:11.481 INFO [http-nio-8080-exec-52] org.apache.catalina.core.ApplicationContext.log Manager: list: Listing contexts for virtual host 'localhost'
13-Dec-2024 17:50:11.496 INFO [http-nio-8080-exec-46] org.apache.catalina.core.ApplicationContext.log Manager: undeploy: Undeploying web application at '/'
13-Dec-2024 17:50:11.512 INFO [http-nio-8080-exec-53] org.apache.catalina.core.ApplicationContext.log Manager: list: Listing contexts for virtual host 'localhost'
13-Dec-2024 17:50:11.856 INFO [http-nio-8080-exec-47] org.apache.catalina.core.ApplicationContext.log Manager: list: Listing contexts for virtual host 'localhost'
13-Dec-2024 17:50:12.036 INFO [http-nio-8080-exec-53] org.apache.catalina.core.ApplicationContext.log Manager: restart: Reloading web application '/'
13-Dec-2024 17:50:17.291 INFO [http-nio-8080-exec-46] org.apache.catalina.core.ApplicationContext.log Manager: list: Listing contexts for virtual host 'localhost'
13-Dec-2024 17:50:17.300 INFO [http-nio-8080-exec-52] org.apache.catalina.core.ApplicationContext.log Manager: list: Listing contexts for virtual host 'localhost'
13-Dec-2024 17:50:17.319 INFO [http-nio-8080-exec-41] org.apache.catalina.core.ApplicationContext.log Manager: install: Installing context configuration at 'file:/tmp/context5299392844526487643.xml'
13-Dec-2024 17:50:17.755 INFO [http-nio-8080-exec-47] org.apache.catalina.core.ApplicationContext.log Manager: start: Starting web application '/'
13-Dec-2024 17:50:18.297 INFO [http-nio-8080-exec-52] org.apache.catalina.core.ApplicationContext.log Manager: list: Listing contexts for virtual host 'localhost'
13-Dec-2024 17:50:18.304 INFO [http-nio-8080-exec-56] org.apache.catalina.core.ApplicationContext.log Manager: restart: Reloading web application '/'
13-Dec-2024 17:50:44.274 INFO [http-nio-8080-exec-57] org.apache.catalina.core.ApplicationContext.log Manager: list: Listing contexts for virtual host 'localhost'
13-Dec-2024 17:50:44.281 INFO [http-nio-8080-exec-45] org.apache.catalina.core.ApplicationContext.log Manager: undeploy: Undeploying web application at '/'
13-Dec-2024 17:50:44.306 INFO [http-nio-8080-exec-46] org.apache.catalina.core.ApplicationContext.log Manager: list: Listing contexts for virtual host 'localhost'
13-Dec-2024 17:50:44.790 INFO [http-nio-8080-exec-57] org.apache.catalina.core.ApplicationContext.log Manager: restart: Reloading web application '/'
13-Dec-2024 17:51:02.668 INFO [http-nio-8080-exec-43] org.apache.catalina.core.ApplicationContext.log Manager: list: Listing contexts for virtual host 'localhost'
13-Dec-2024 17:51:02.670 INFO [http-nio-8080-exec-58] org.apache.catalina.core.ApplicationContext.log Manager: list: Listing contexts for virtual host 'localhost'
13-Dec-2024 17:51:02.677 INFO [http-nio-8080-exec-56] org.apache.catalina.core.ApplicationContext.log Manager: install: Installing context configuration at 'file:/tmp/context5965932373937556315.xml'
13-Dec-2024 17:51:02.828 INFO [http-nio-8080-exec-45] org.apache.catalina.core.ApplicationContext.log Manager: start: Starting web application '/'
13-Dec-2024 17:51:03.366 INFO [http-nio-8080-exec-55] org.apache.catalina.core.ApplicationContext.log Manager: list: Listing contexts for virtual host 'localhost'
13-Dec-2024 17:51:03.373 INFO [http-nio-8080-exec-46] org.apache.catalina.core.ApplicationContext.log Manager: restart: Reloading web application '/'
13-Dec-2024 17:51:59.187 INFO [http-nio-8080-exec-50] org.apache.catalina.core.ApplicationContext.log Manager: list: Listing contexts for virtual host 'localhost'
13-Dec-2024 17:51:59.198 INFO [http-nio-8080-exec-59] org.apache.catalina.core.ApplicationContext.log Manager: restart: Reloading web application '/'
13-Dec-2024 17:51:59.958 INFO [http-nio-8080-exec-56] org.apache.catalina.core.ApplicationContext.log Manager: list: Listing contexts for virtual host 'localhost'
13-Dec-2024 17:51:59.967 INFO [http-nio-8080-exec-60] org.apache.catalina.core.ApplicationContext.log Manager: restart: Reloading web application '/'
13-Dec-2024 17:53:05.556 INFO [http-nio-8080-exec-45] org.apache.catalina.core.ApplicationContext.log Manager: list: Listing contexts for virtual host 'localhost'
13-Dec-2024 17:53:05.562 INFO [http-nio-8080-exec-60] org.apache.catalina.core.ApplicationContext.log Manager: restart: Reloading web application '/'
13-Dec-2024 17:53:07.409 INFO [http-nio-8080-exec-50] org.apache.catalina.core.ApplicationContext.log Manager: list: Listing contexts for virtual host 'localhost'
13-Dec-2024 17:53:07.418 INFO [http-nio-8080-exec-43] org.apache.catalina.core.ApplicationContext.log Manager: undeploy: Undeploying web application at '/'
13-Dec-2024 17:53:07.466 INFO [http-nio-8080-exec-64] org.apache.catalina.core.ApplicationContext.log Manager: list: Listing contexts for virtual host 'localhost'
13-Dec-2024 17:53:07.931 INFO [http-nio-8080-exec-62] org.apache.catalina.core.ApplicationContext.log Manager: restart: Reloading web application '/'
13-Dec-2024 17:53:12.415 INFO [http-nio-8080-exec-55] org.apache.catalina.core.ApplicationContext.log Manager: list: Listing contexts for virtual host 'localhost'
13-Dec-2024 17:53:12.425 INFO [http-nio-8080-exec-63] org.apache.catalina.core.ApplicationContext.log Manager: list: Listing contexts for virtual host 'localhost'
13-Dec-2024 17:54:54.973 INFO [http-nio-8080-exec-67] org.apache.catalina.core.ApplicationContext.log Manager: list: Listing contexts for virtual host 'localhost'
13-Dec-2024 17:54:54.976 INFO [http-nio-8080-exec-64] org.apache.catalina.core.ApplicationContext.log Manager: list: Listing contexts for virtual host 'localhost'
13-Dec-2024 17:54:57.324 INFO [http-nio-8080-exec-69] org.apache.catalina.core.ApplicationContext.log Manager: list: Listing contexts for virtual host 'localhost'
13-Dec-2024 17:54:57.327 INFO [http-nio-8080-exec-70] org.apache.catalina.core.ApplicationContext.log Manager: list: Listing contexts for virtual host 'localhost'
13-Dec-2024 17:54:57.333 INFO [http-nio-8080-exec-63] org.apache.catalina.core.ApplicationContext.log Manager: install: Installing context configuration at 'file:/tmp/context5035479705882725808.xml'
13-Dec-2024 17:54:57.458 INFO [http-nio-8080-exec-68] org.apache.catalina.core.ApplicationContext.log Manager: start: Starting web application '/'
13-Dec-2024 17:56:26.937 INFO [http-nio-8080-exec-68] org.apache.catalina.core.ApplicationContext.log Manager: list: Listing contexts for virtual host 'localhost'
13-Dec-2024 17:56:26.940 INFO [http-nio-8080-exec-65] org.apache.catalina.core.ApplicationContext.log Manager: list: Listing contexts for virtual host 'localhost'
13-Dec-2024 17:56:26.947 INFO [http-nio-8080-exec-72] org.apache.catalina.core.ApplicationContext.log Manager: undeploy: Undeploying web application at '/'
13-Dec-2024 17:56:27.562 INFO [http-nio-8080-exec-68] org.apache.catalina.core.ApplicationContext.log Manager: install: Installing context configuration at 'file:/tmp/context7394507083200736692.xml'
13-Dec-2024 17:56:27.696 INFO [http-nio-8080-exec-74] org.apache.catalina.core.ApplicationContext.log Manager: start: Starting web application '/'
13-Dec-2024 17:56:28.105 INFO [http-nio-8080-exec-65] org.apache.catalina.core.ApplicationContext.log Manager: list: Listing contexts for virtual host 'localhost'
13-Dec-2024 17:56:28.111 INFO [http-nio-8080-exec-67] org.apache.catalina.core.ApplicationContext.log Manager: undeploy: Undeploying web application at '/'
13-Dec-2024 17:59:00.626 INFO [http-nio-8080-exec-66] org.apache.catalina.core.ApplicationContext.log Manager: list: Listing contexts for virtual host 'localhost'
