28-Jan-2025 15:14:10.772 INFO [http-nio-8080-exec-64] org.apache.catalina.core.ApplicationContext.log Manager: list: Listing contexts for virtual host 'localhost'
28-Jan-2025 15:14:10.776 INFO [http-nio-8080-exec-67] org.apache.catalina.core.ApplicationContext.log Manager: restart: Reloading web application '/'
28-Jan-2025 15:14:12.593 INFO [http-nio-8080-exec-71] org.apache.catalina.core.ApplicationContext.log Manager: list: Listing contexts for virtual host 'localhost'
28-Jan-2025 15:14:12.594 INFO [http-nio-8080-exec-64] org.apache.catalina.core.ApplicationContext.log Manager: list: Listing contexts for virtual host 'localhost'
28-Jan-2025 15:14:12.600 INFO [http-nio-8080-exec-70] org.apache.catalina.core.ApplicationContext.log Manager: undeploy: Undeploying web application at '/'
28-Jan-2025 15:14:13.123 INFO [http-nio-8080-exec-69] org.apache.catalina.core.ApplicationContext.log Manager: install: Installing context configuration at 'file:/tmp/context3698615229708543964.xml'
28-Jan-2025 15:14:13.237 INFO [http-nio-8080-exec-61] org.apache.catalina.core.ApplicationContext.log Manager: start: Starting web application '/'
28-Jan-2025 15:14:24.303 INFO [http-nio-8080-exec-62] org.apache.catalina.core.ApplicationContext.log Manager: list: Listing contexts for virtual host 'localhost'
28-Jan-2025 15:14:24.305 INFO [http-nio-8080-exec-73] org.apache.catalina.core.ApplicationContext.log Manager: list: Listing contexts for virtual host 'localhost'
28-Jan-2025 15:14:24.312 INFO [http-nio-8080-exec-63] org.apache.catalina.core.ApplicationContext.log Manager: undeploy: Undeploying web application at '/'
28-Jan-2025 15:14:24.822 INFO [http-nio-8080-exec-66] org.apache.catalina.core.ApplicationContext.log Manager: install: Installing context configuration at 'file:/tmp/context1305075676880702508.xml'
28-Jan-2025 15:14:24.968 INFO [http-nio-8080-exec-61] org.apache.catalina.core.ApplicationContext.log Manager: start: Starting web application '/'
28-Jan-2025 15:14:37.302 INFO [http-nio-8080-exec-63] org.apache.catalina.core.ApplicationContext.log Manager: list: Listing contexts for virtual host 'localhost'
28-Jan-2025 15:14:37.303 INFO [http-nio-8080-exec-69] org.apache.catalina.core.ApplicationContext.log Manager: list: Listing contexts for virtual host 'localhost'
28-Jan-2025 15:14:37.310 INFO [http-nio-8080-exec-74] org.apache.catalina.core.ApplicationContext.log Manager: undeploy: Undeploying web application at '/'
28-Jan-2025 15:14:37.920 INFO [http-nio-8080-exec-66] org.apache.catalina.core.ApplicationContext.log Manager: install: Installing context configuration at 'file:/tmp/context7054599545937935178.xml'
28-Jan-2025 15:14:38.034 INFO [http-nio-8080-exec-61] org.apache.catalina.core.ApplicationContext.log Manager: start: Starting web application '/'
28-Jan-2025 17:56:01.004 INFO [http-nio-8080-exec-80] org.apache.catalina.core.ApplicationContext.log Manager: list: Listing contexts for virtual host 'localhost'
28-Jan-2025 17:56:01.089 INFO [http-nio-8080-exec-83] org.apache.catalina.core.ApplicationContext.log Manager: restart: Reloading web application '/'
28-Jan-2025 17:56:14.944 INFO [http-nio-8080-exec-84] org.apache.catalina.core.ApplicationContext.log Manager: list: Listing contexts for virtual host 'localhost'
28-Jan-2025 17:56:14.950 INFO [http-nio-8080-exec-76] org.apache.catalina.core.ApplicationContext.log Manager: restart: Reloading web application '/'
28-Jan-2025 17:56:15.446 INFO [http-nio-8080-exec-85] org.apache.catalina.core.ApplicationContext.log Manager: list: Listing contexts for virtual host 'localhost'
28-Jan-2025 17:56:15.451 INFO [http-nio-8080-exec-87] org.apache.catalina.core.ApplicationContext.log Manager: restart: Reloading web application '/'
28-Jan-2025 17:58:23.989 INFO [http-nio-8080-exec-89] org.apache.catalina.core.ApplicationContext.log Manager: list: Listing contexts for virtual host 'localhost'
28-Jan-2025 17:58:23.996 INFO [http-nio-8080-exec-77] org.apache.catalina.core.ApplicationContext.log Manager: restart: Reloading web application '/'
28-Jan-2025 18:00:03.027 INFO [http-nio-8080-exec-91] org.apache.catalina.core.ApplicationContext.log Manager: list: Listing contexts for virtual host 'localhost'
28-Jan-2025 18:00:03.032 INFO [http-nio-8080-exec-89] org.apache.catalina.core.ApplicationContext.log Manager: restart: Reloading web application '/'
28-Jan-2025 18:00:03.538 INFO [http-nio-8080-exec-86] org.apache.catalina.core.ApplicationContext.log Manager: list: Listing contexts for virtual host 'localhost'
28-Jan-2025 18:00:03.544 INFO [http-nio-8080-exec-92] org.apache.catalina.core.ApplicationContext.log Manager: restart: Reloading web application '/'
28-Jan-2025 18:01:51.501 INFO [http-nio-8080-exec-93] org.apache.catalina.core.ApplicationContext.log Manager: list: Listing contexts for virtual host 'localhost'
28-Jan-2025 18:01:51.510 INFO [http-nio-8080-exec-86] org.apache.catalina.core.ApplicationContext.log Manager: restart: Reloading web application '/'
28-Jan-2025 18:01:52.100 INFO [http-nio-8080-exec-94] org.apache.catalina.core.ApplicationContext.log Manager: list: Listing contexts for virtual host 'localhost'
28-Jan-2025 18:01:52.105 INFO [http-nio-8080-exec-80] org.apache.catalina.core.ApplicationContext.log Manager: restart: Reloading web application '/'
28-Jan-2025 18:02:08.919 INFO [http-nio-8080-exec-90] org.apache.catalina.core.ApplicationContext.log Manager: list: Listing contexts for virtual host 'localhost'
28-Jan-2025 18:02:08.924 INFO [http-nio-8080-exec-86] org.apache.catalina.core.ApplicationContext.log Manager: restart: Reloading web application '/'
28-Jan-2025 18:02:09.430 INFO [http-nio-8080-exec-76] org.apache.catalina.core.ApplicationContext.log Manager: list: Listing contexts for virtual host 'localhost'
28-Jan-2025 18:02:09.436 INFO [http-nio-8080-exec-80] org.apache.catalina.core.ApplicationContext.log Manager: restart: Reloading web application '/'
28-Jan-2025 18:02:15.425 INFO [http-nio-8080-exec-86] org.apache.catalina.core.ApplicationContext.log Manager: list: Listing contexts for virtual host 'localhost'
28-Jan-2025 18:02:15.432 INFO [http-nio-8080-exec-79] org.apache.catalina.core.ApplicationContext.log Manager: restart: Reloading web application '/'
28-Jan-2025 18:02:15.940 INFO [http-nio-8080-exec-93] org.apache.catalina.core.ApplicationContext.log Manager: list: Listing contexts for virtual host 'localhost'
28-Jan-2025 18:02:15.945 INFO [http-nio-8080-exec-95] org.apache.catalina.core.ApplicationContext.log Manager: restart: Reloading web application '/'
28-Jan-2025 18:02:22.976 INFO [http-nio-8080-exec-86] org.apache.catalina.core.ApplicationContext.log Manager: list: Listing contexts for virtual host 'localhost'
28-Jan-2025 18:02:23.087 INFO [http-nio-8080-exec-92] org.apache.catalina.core.ApplicationContext.log Manager: list: Listing contexts for virtual host 'localhost'
28-Jan-2025 18:02:23.094 INFO [http-nio-8080-exec-93] org.apache.catalina.core.ApplicationContext.log Manager: restart: Reloading web application '/'
28-Jan-2025 18:02:45.927 INFO [http-nio-8080-exec-97] org.apache.catalina.core.ApplicationContext.log Manager: list: Listing contexts for virtual host 'localhost'
28-Jan-2025 18:02:45.933 INFO [http-nio-8080-exec-77] org.apache.catalina.core.ApplicationContext.log Manager: restart: Reloading web application '/'
28-Jan-2025 18:02:46.502 INFO [http-nio-8080-exec-96] org.apache.catalina.core.ApplicationContext.log Manager: list: Listing contexts for virtual host 'localhost'
28-Jan-2025 18:02:46.508 INFO [http-nio-8080-exec-93] org.apache.catalina.core.ApplicationContext.log Manager: restart: Reloading web application '/'
28-Jan-2025 18:03:58.247 INFO [http-nio-8080-exec-99] org.apache.catalina.core.ApplicationContext.log Manager: list: Listing contexts for virtual host 'localhost'
28-Jan-2025 18:03:58.252 INFO [http-nio-8080-exec-76] org.apache.catalina.core.ApplicationContext.log Manager: restart: Reloading web application '/'
28-Jan-2025 18:05:09.658 INFO [http-nio-8080-exec-101] org.apache.catalina.core.ApplicationContext.log Manager: list: Listing contexts for virtual host 'localhost'
28-Jan-2025 18:05:09.662 INFO [http-nio-8080-exec-79] org.apache.catalina.core.ApplicationContext.log Manager: restart: Reloading web application '/'
28-Jan-2025 18:05:27.721 INFO [http-nio-8080-exec-80] org.apache.catalina.core.ApplicationContext.log Manager: list: Listing contexts for virtual host 'localhost'
28-Jan-2025 18:05:27.726 INFO [http-nio-8080-exec-76] org.apache.catalina.core.ApplicationContext.log Manager: restart: Reloading web application '/'
28-Jan-2025 18:06:46.527 INFO [http-nio-8080-exec-80] org.apache.catalina.core.ApplicationContext.log Manager: list: Listing contexts for virtual host 'localhost'
28-Jan-2025 18:06:46.537 INFO [http-nio-8080-exec-86] org.apache.catalina.core.ApplicationContext.log Manager: restart: Reloading web application '/'
28-Jan-2025 18:06:47.033 INFO [http-nio-8080-exec-102] org.apache.catalina.core.ApplicationContext.log Manager: list: Listing contexts for virtual host 'localhost'
28-Jan-2025 18:06:47.038 INFO [http-nio-8080-exec-80] org.apache.catalina.core.ApplicationContext.log Manager: restart: Reloading web application '/'
28-Jan-2025 18:06:55.248 INFO [http-nio-8080-exec-97] org.apache.catalina.core.ApplicationContext.log Manager: list: Listing contexts for virtual host 'localhost'
28-Jan-2025 18:06:55.255 INFO [http-nio-8080-exec-86] org.apache.catalina.core.ApplicationContext.log Manager: restart: Reloading web application '/'
28-Jan-2025 18:09:40.126 INFO [http-nio-8080-exec-79] org.apache.catalina.core.ApplicationContext.log Manager: list: Listing contexts for virtual host 'localhost'
28-Jan-2025 18:09:40.144 INFO [http-nio-8080-exec-103] org.apache.catalina.core.ApplicationContext.log Manager: restart: Reloading web application '/'
28-Jan-2025 18:13:14.134 INFO [http-nio-8080-exec-113] org.apache.catalina.core.ApplicationContext.log Manager: list: Listing contexts for virtual host 'localhost'
28-Jan-2025 18:13:14.152 INFO [http-nio-8080-exec-76] org.apache.catalina.core.ApplicationContext.log Manager: restart: Reloading web application '/'
28-Jan-2025 18:13:14.829 INFO [http-nio-8080-exec-113] org.apache.catalina.core.ApplicationContext.log Manager: list: Listing contexts for virtual host 'localhost'
28-Jan-2025 18:13:14.841 INFO [http-nio-8080-exec-112] org.apache.catalina.core.ApplicationContext.log Manager: restart: Reloading web application '/'
28-Jan-2025 18:15:20.544 INFO [http-nio-8080-exec-111] org.apache.catalina.core.ApplicationContext.log Manager: list: Listing contexts for virtual host 'localhost'
28-Jan-2025 18:15:20.550 INFO [http-nio-8080-exec-86] org.apache.catalina.core.ApplicationContext.log Manager: restart: Reloading web application '/'
28-Jan-2025 18:17:35.421 INFO [http-nio-8080-exec-119] org.apache.catalina.core.ApplicationContext.log Manager: list: Listing contexts for virtual host 'localhost'
28-Jan-2025 18:17:35.437 INFO [http-nio-8080-exec-116] org.apache.catalina.core.ApplicationContext.log Manager: restart: Reloading web application '/'
28-Jan-2025 18:17:35.970 INFO [http-nio-8080-exec-111] org.apache.catalina.core.ApplicationContext.log Manager: list: Listing contexts for virtual host 'localhost'
28-Jan-2025 18:17:35.979 INFO [http-nio-8080-exec-115] org.apache.catalina.core.ApplicationContext.log Manager: restart: Reloading web application '/'
28-Jan-2025 18:20:18.490 INFO [http-nio-8080-exec-122] org.apache.catalina.core.ApplicationContext.log Manager: list: Listing contexts for virtual host 'localhost'
28-Jan-2025 18:20:18.497 INFO [http-nio-8080-exec-86] org.apache.catalina.core.ApplicationContext.log Manager: restart: Reloading web application '/'
28-Jan-2025 18:22:11.999 INFO [http-nio-8080-exec-124] org.apache.catalina.core.ApplicationContext.log Manager: list: Listing contexts for virtual host 'localhost'
28-Jan-2025 18:22:12.014 INFO [http-nio-8080-exec-76] org.apache.catalina.core.ApplicationContext.log Manager: restart: Reloading web application '/'
28-Jan-2025 18:22:12.657 INFO [http-nio-8080-exec-122] org.apache.catalina.core.ApplicationContext.log Manager: list: Listing contexts for virtual host 'localhost'
28-Jan-2025 18:22:12.661 INFO [http-nio-8080-exec-121] org.apache.catalina.core.ApplicationContext.log Manager: restart: Reloading web application '/'
28-Jan-2025 18:24:56.388 INFO [http-nio-8080-exec-127] org.apache.catalina.core.ApplicationContext.log Manager: list: Listing contexts for virtual host 'localhost'
28-Jan-2025 18:24:56.392 INFO [http-nio-8080-exec-118] org.apache.catalina.core.ApplicationContext.log Manager: restart: Reloading web application '/'
28-Jan-2025 18:24:57.590 INFO [http-nio-8080-exec-124] org.apache.catalina.core.ApplicationContext.log Manager: list: Listing contexts for virtual host 'localhost'
28-Jan-2025 18:24:57.614 INFO [http-nio-8080-exec-112] org.apache.catalina.core.ApplicationContext.log Manager: undeploy: Undeploying web application at '/'
28-Jan-2025 18:31:49.463 INFO [http-nio-8080-exec-130] org.apache.catalina.core.ApplicationContext.log Manager: list: Listing contexts for virtual host 'localhost'
28-Jan-2025 18:31:49.524 INFO [http-nio-8080-exec-131] org.apache.catalina.core.ApplicationContext.log Manager: list: Listing contexts for virtual host 'localhost'
28-Jan-2025 18:31:52.373 INFO [http-nio-8080-exec-138] org.apache.catalina.core.ApplicationContext.log Manager: list: Listing contexts for virtual host 'localhost'
28-Jan-2025 18:34:41.839 INFO [http-nio-8080-exec-134] org.apache.catalina.core.ApplicationContext.log Manager: list: Listing contexts for virtual host 'localhost'
28-Jan-2025 18:38:41.886 INFO [http-nio-8080-exec-130] org.apache.catalina.core.ApplicationContext.log Manager: list: Listing contexts for virtual host 'localhost'
28-Jan-2025 18:40:18.581 INFO [http-nio-8080-exec-138] org.apache.catalina.core.ApplicationContext.log Manager: list: Listing contexts for virtual host 'localhost'
28-Jan-2025 18:41:43.031 INFO [http-nio-8080-exec-131] org.apache.catalina.core.ApplicationContext.log Manager: list: Listing contexts for virtual host 'localhost'
28-Jan-2025 18:42:22.548 INFO [http-nio-8080-exec-139] org.apache.catalina.core.ApplicationContext.log Manager: list: Listing contexts for virtual host 'localhost'
28-Jan-2025 18:42:22.640 INFO [http-nio-8080-exec-136] org.apache.catalina.core.ApplicationContext.log Manager: list: Listing contexts for virtual host 'localhost'
28-Jan-2025 18:42:26.508 INFO [http-nio-8080-exec-137] org.apache.catalina.core.ApplicationContext.log Manager: list: Listing contexts for virtual host 'localhost'
28-Jan-2025 18:43:32.618 INFO [http-nio-8080-exec-132] org.apache.catalina.core.ApplicationContext.log Manager: list: Listing contexts for virtual host 'localhost'
28-Jan-2025 18:43:32.720 INFO [http-nio-8080-exec-138] org.apache.catalina.core.ApplicationContext.log Manager: list: Listing contexts for virtual host 'localhost'
28-Jan-2025 18:49:19.069 INFO [http-nio-8080-exec-134] org.apache.catalina.core.ApplicationContext.log Manager: list: Listing contexts for virtual host 'localhost'
28-Jan-2025 19:11:55.960 INFO [http-nio-8080-exec-137] org.apache.catalina.core.ApplicationContext.log Manager: list: Listing contexts for virtual host 'localhost'
28-Jan-2025 19:11:57.525 INFO [http-nio-8080-exec-139] org.apache.catalina.core.ApplicationContext.log Manager: list: Listing contexts for virtual host 'localhost'
28-Jan-2025 19:15:27.294 INFO [http-nio-8080-exec-135] org.apache.catalina.core.ApplicationContext.log Manager: list: Listing contexts for virtual host 'localhost'
28-Jan-2025 19:17:02.719 INFO [http-nio-8080-exec-134] org.apache.catalina.core.ApplicationContext.log Manager: list: Listing contexts for virtual host 'localhost'
28-Jan-2025 19:22:49.589 INFO [http-nio-8080-exec-138] org.apache.catalina.core.ApplicationContext.log Manager: list: Listing contexts for virtual host 'localhost'
28-Jan-2025 19:25:30.994 INFO [http-nio-8080-exec-132] org.apache.catalina.core.ApplicationContext.log Manager: list: Listing contexts for virtual host 'localhost'
28-Jan-2025 19:26:19.800 INFO [http-nio-8080-exec-139] org.apache.catalina.core.ApplicationContext.log Manager: list: Listing contexts for virtual host 'localhost'
28-Jan-2025 19:26:34.553 INFO [http-nio-8080-exec-130] org.apache.catalina.core.ApplicationContext.log Manager: list: Listing contexts for virtual host 'localhost'
28-Jan-2025 19:30:01.645 INFO [http-nio-8080-exec-136] org.apache.catalina.core.ApplicationContext.log Manager: list: Listing contexts for virtual host 'localhost'
28-Jan-2025 19:30:01.704 INFO [http-nio-8080-exec-138] org.apache.catalina.core.ApplicationContext.log Manager: list: Listing contexts for virtual host 'localhost'
28-Jan-2025 19:30:05.278 INFO [http-nio-8080-exec-136] org.apache.catalina.core.ApplicationContext.log Manager: list: Listing contexts for virtual host 'localhost'
28-Jan-2025 19:30:05.280 INFO [http-nio-8080-exec-137] org.apache.catalina.core.ApplicationContext.log Manager: list: Listing contexts for virtual host 'localhost'
28-Jan-2025 19:30:05.288 INFO [http-nio-8080-exec-132] org.apache.catalina.core.ApplicationContext.log Manager: install: Installing context configuration at 'file:/tmp/context9131613735121601757.xml'
28-Jan-2025 19:30:05.397 INFO [http-nio-8080-exec-135] org.apache.catalina.core.ApplicationContext.log Manager: start: Starting web application '/'
28-Jan-2025 19:34:27.096 INFO [http-nio-8080-exec-130] org.apache.catalina.core.ApplicationContext.log Manager: list: Listing contexts for virtual host 'localhost'
28-Jan-2025 19:34:27.107 INFO [http-nio-8080-exec-136] org.apache.catalina.core.ApplicationContext.log Manager: restart: Reloading web application '/'
28-Jan-2025 19:34:27.362 INFO [http-nio-8080-exec-131] org.apache.catalina.core.ApplicationContext.log Manager: list: Listing contexts for virtual host 'localhost'
28-Jan-2025 19:34:27.367 INFO [http-nio-8080-exec-130] org.apache.catalina.core.ApplicationContext.log Manager: restart: Reloading web application '/'
28-Jan-2025 19:34:52.038 INFO [http-nio-8080-exec-133] org.apache.catalina.core.ApplicationContext.log Manager: list: Listing contexts for virtual host 'localhost'
28-Jan-2025 19:34:52.043 INFO [http-nio-8080-exec-134] org.apache.catalina.core.ApplicationContext.log Manager: restart: Reloading web application '/'
28-Jan-2025 19:35:44.682 INFO [http-nio-8080-exec-137] org.apache.catalina.core.ApplicationContext.log Manager: list: Listing contexts for virtual host 'localhost'
28-Jan-2025 19:35:44.694 INFO [http-nio-8080-exec-130] org.apache.catalina.core.ApplicationContext.log Manager: restart: Reloading web application '/'
28-Jan-2025 19:35:45.207 INFO [http-nio-8080-exec-133] org.apache.catalina.core.ApplicationContext.log Manager: list: Listing contexts for virtual host 'localhost'
28-Jan-2025 19:35:45.212 INFO [http-nio-8080-exec-135] org.apache.catalina.core.ApplicationContext.log Manager: restart: Reloading web application '/'
28-Jan-2025 19:39:14.129 INFO [http-nio-8080-exec-145] org.apache.catalina.core.ApplicationContext.log Manager: list: Listing contexts for virtual host 'localhost'
28-Jan-2025 19:39:14.136 INFO [http-nio-8080-exec-142] org.apache.catalina.core.ApplicationContext.log Manager: restart: Reloading web application '/'
28-Jan-2025 19:39:46.123 INFO [http-nio-8080-exec-144] org.apache.catalina.core.ApplicationContext.log Manager: list: Listing contexts for virtual host 'localhost'
28-Jan-2025 19:39:46.131 INFO [http-nio-8080-exec-134] org.apache.catalina.core.ApplicationContext.log Manager: restart: Reloading web application '/'
28-Jan-2025 19:49:09.992 INFO [http-nio-8080-exec-152] org.apache.catalina.core.ApplicationContext.log Manager: list: Listing contexts for virtual host 'localhost'
28-Jan-2025 19:49:09.998 INFO [http-nio-8080-exec-155] org.apache.catalina.core.ApplicationContext.log Manager: restart: Reloading web application '/'
28-Jan-2025 21:11:19.382 INFO [http-nio-8080-exec-162] org.apache.catalina.core.ApplicationContext.log Manager: list: Listing contexts for virtual host 'localhost'
28-Jan-2025 21:11:19.390 INFO [http-nio-8080-exec-165] org.apache.catalina.core.ApplicationContext.log Manager: restart: Reloading web application '/'
28-Jan-2025 21:13:48.667 INFO [http-nio-8080-exec-163] org.apache.catalina.core.ApplicationContext.log Manager: list: Listing contexts for virtual host 'localhost'
28-Jan-2025 21:13:48.675 INFO [http-nio-8080-exec-167] org.apache.catalina.core.ApplicationContext.log Manager: restart: Reloading web application '/'
28-Jan-2025 21:14:03.470 INFO [http-nio-8080-exec-170] org.apache.catalina.core.ApplicationContext.log Manager: list: Listing contexts for virtual host 'localhost'
28-Jan-2025 21:14:03.476 INFO [http-nio-8080-exec-169] org.apache.catalina.core.ApplicationContext.log Manager: restart: Reloading web application '/'
28-Jan-2025 21:14:14.136 INFO [http-nio-8080-exec-160] org.apache.catalina.core.ApplicationContext.log Manager: list: Listing contexts for virtual host 'localhost'
28-Jan-2025 21:14:14.143 INFO [http-nio-8080-exec-171] org.apache.catalina.core.ApplicationContext.log Manager: restart: Reloading web application '/'
28-Jan-2025 21:14:25.925 INFO [http-nio-8080-exec-174] org.apache.catalina.core.ApplicationContext.log Manager: list: Listing contexts for virtual host 'localhost'
28-Jan-2025 21:14:25.929 INFO [http-nio-8080-exec-169] org.apache.catalina.core.ApplicationContext.log Manager: undeploy: Undeploying web application at '/'
28-Jan-2025 21:14:25.987 INFO [http-nio-8080-exec-162] org.apache.catalina.core.ApplicationContext.log Manager: list: Listing contexts for virtual host 'localhost'
28-Jan-2025 21:14:26.438 INFO [http-nio-8080-exec-168] org.apache.catalina.core.ApplicationContext.log Manager: restart: Reloading web application '/'
28-Jan-2025 21:14:29.955 INFO [http-nio-8080-exec-173] org.apache.catalina.core.ApplicationContext.log Manager: list: Listing contexts for virtual host 'localhost'
28-Jan-2025 21:14:29.956 INFO [http-nio-8080-exec-175] org.apache.catalina.core.ApplicationContext.log Manager: list: Listing contexts for virtual host 'localhost'
28-Jan-2025 21:14:29.961 INFO [http-nio-8080-exec-171] org.apache.catalina.core.ApplicationContext.log Manager: install: Installing context configuration at 'file:/tmp/context8180031350667201002.xml'
28-Jan-2025 21:14:30.076 INFO [http-nio-8080-exec-169] org.apache.catalina.core.ApplicationContext.log Manager: start: Starting web application '/'
